<?xml version="1.0" encoding="UTF-8"?>
<TestRun id="d618770f-c5a5-413d-991c-3969ad4077cd" name="Balaji.venkat@GSR-D076 2016-03-17 12:49:36" runUser="GSRCHENNAI\Balaji.venkat" xmlns="http://microsoft.com/schemas/VisualStudio/TeamTest/2010">
  <TestSettings name="Mytest" id="74b88cc8-9025-4f4b-81e8-1920425503d5">
    <Description>These are default test settings for a local test run.</Description>
    <Execution>
      <Timeouts runTimeout="9000000" testTimeout="0" />
      <TestTypeSpecific>
        <UnitTestRunConfig testTypeId="13cdc9d9-ddb5-4fa4-a97d-d965ccfc6d4b">
          <AssemblyResolution>
            <TestDirectory useLoadContext="true" />
          </AssemblyResolution>
        </UnitTestRunConfig>
      </TestTypeSpecific>
      <AgentRule name="LocalMachineDefaultRole">
      </AgentRule>
    </Execution>
    <Deployment runDeploymentRoot="Balaji.venkat_GSR-D076 2016-03-17 12_49_36" />
    <Properties />
  </TestSettings>
  <Times creation="2016-03-17T12:49:36.6226105+05:30" queuing="2016-03-17T12:49:37.3668337+05:30" start="2016-03-17T12:49:37.4498586+05:30" finish="2016-03-17T14:22:43.2173212+05:30" />
  <ResultSummary outcome="Completed">
    <Counters total="64" executed="64" passed="64" error="0" failed="0" timeout="0" aborted="0" inconclusive="0" passedButRunAborted="0" notRunnable="0" notExecuted="0" disconnected="0" warning="0" completed="0" inProgress="0" pending="0" />
  </ResultSummary>
  <TestDefinitions>
    <UnitTest name="ACC_PasscodeValidation" storage="c:\users\balaji.venkat\source\workspaces\theranos.test-automation\references\internal\.me android\theranos.automation.me.android.dll" id="db5bcda4-3d5b-50b9-1d71-a73a2dd9fcc6">
      <TestMethod codeBase="c:/users/balaji.venkat/source/workspaces/theranos.test-automation/references/internal/.me android/Theranos.Automation.ME.Android.DLL" adapterTypeName="Microsoft.VisualStudio.TestTools.TestTypes.Unit.UnitTestAdapter, Microsoft.VisualStudio.QualityTools.Tips.UnitTest.Adapter, Version=12.0.0.0, Culture=neutral, PublicKeyToken=b03f5f7f11d50a3a" className="Theranos.Automation.ME.Android.TestScenarios.Accountsceanrios, Theranos.Automation.ME.Android, Version=1.0.0.0, Culture=neutral, PublicKeyToken=null" name="ACC_PasscodeValidation" />
    </UnitTest>
    <UnitTest name="DashBoardToTestMenuPage" storage="c:\users\balaji.venkat\source\workspaces\theranos.test-automation\references\internal\.me android\theranos.automation.me.android.dll" id="6655f3f2-6ecd-881a-992e-4095f7a8da73">
      <TestMethod codeBase="c:/users/balaji.venkat/source/workspaces/theranos.test-automation/references/internal/.me android/Theranos.Automation.ME.Android.DLL" adapterTypeName="Microsoft.VisualStudio.TestTools.TestTypes.Unit.UnitTestAdapter, Microsoft.VisualStudio.QualityTools.Tips.UnitTest.Adapter, Version=12.0.0.0, Culture=neutral, PublicKeyToken=b03f5f7f11d50a3a" className="Theranos.Automation.ME.Android.TestSuite.UserInfoSuite, Theranos.Automation.ME.Android, Version=1.0.0.0, Culture=neutral, PublicKeyToken=null" name="DashBoardToTestMenuPage" />
    </UnitTest>
    <UnitTest name="SequentialLogin" storage="c:\users\balaji.venkat\source\workspaces\theranos.test-automation\references\internal\.me android\theranos.automation.me.android.dll" id="989b1802-c266-c125-2fc0-760eb8aabd85">
      <TestMethod codeBase="c:/users/balaji.venkat/source/workspaces/theranos.test-automation/references/internal/.me android/Theranos.Automation.ME.Android.DLL" adapterTypeName="Microsoft.VisualStudio.TestTools.TestTypes.Unit.UnitTestAdapter, Microsoft.VisualStudio.QualityTools.Tips.UnitTest.Adapter, Version=12.0.0.0, Culture=neutral, PublicKeyToken=b03f5f7f11d50a3a" className="Theranos.Automation.ME.Android.TestSuite.LoginSuite, Theranos.Automation.ME.Android, Version=1.0.0.0, Culture=neutral, PublicKeyToken=null" name="SequentialLogin" />
    </UnitTest>
    <UnitTest name="Need_RetrieveActiveUserName" storage="c:\users\balaji.venkat\source\workspaces\theranos.test-automation\references\internal\.me android\theranos.automation.me.android.dll" id="9fd85355-1564-a6bc-15ff-38a9bb7b83c8">
      <TestMethod codeBase="c:/users/balaji.venkat/source/workspaces/theranos.test-automation/references/internal/.me android/Theranos.Automation.ME.Android.DLL" adapterTypeName="Microsoft.VisualStudio.TestTools.TestTypes.Unit.UnitTestAdapter, Microsoft.VisualStudio.QualityTools.Tips.UnitTest.Adapter, Version=12.0.0.0, Culture=neutral, PublicKeyToken=b03f5f7f11d50a3a" className="Theranos.Automation.ME.Android.TestSuite.NeedHelpSuite, Theranos.Automation.ME.Android, Version=1.0.0.0, Culture=neutral, PublicKeyToken=null" name="Need_RetrieveActiveUserName" />
    </UnitTest>
    <UnitTest name="ACC_BasicInfoGender" storage="c:\users\balaji.venkat\source\workspaces\theranos.test-automation\references\internal\.me android\theranos.automation.me.android.dll" id="f576ea37-5a88-6123-5781-97fe663fe864">
      <TestMethod codeBase="c:/users/balaji.venkat/source/workspaces/theranos.test-automation/references/internal/.me android/Theranos.Automation.ME.Android.DLL" adapterTypeName="Microsoft.VisualStudio.TestTools.TestTypes.Unit.UnitTestAdapter, Microsoft.VisualStudio.QualityTools.Tips.UnitTest.Adapter, Version=12.0.0.0, Culture=neutral, PublicKeyToken=b03f5f7f11d50a3a" className="Theranos.Automation.ME.Android.TestScenarios.BasicInfoScenarios, Theranos.Automation.ME.Android, Version=1.0.0.0, Culture=neutral, PublicKeyToken=null" name="ACC_BasicInfoGender" />
    </UnitTest>
    <UnitTest name="SignUpInValidPasswordSevenChar" storage="c:\users\balaji.venkat\source\workspaces\theranos.test-automation\references\internal\.me android\theranos.automation.me.android.dll" id="4f73a148-a955-8e75-fc71-c876124e4ebd">
      <TestMethod codeBase="c:/users/balaji.venkat/source/workspaces/theranos.test-automation/references/internal/.me android/Theranos.Automation.ME.Android.DLL" adapterTypeName="Microsoft.VisualStudio.TestTools.TestTypes.Unit.UnitTestAdapter, Microsoft.VisualStudio.QualityTools.Tips.UnitTest.Adapter, Version=12.0.0.0, Culture=neutral, PublicKeyToken=b03f5f7f11d50a3a" className="Theranos.Automation.ME.Android.TestSuite.AccountCreationSuite, Theranos.Automation.ME.Android, Version=1.0.0.0, Culture=neutral, PublicKeyToken=null" name="SignUpInValidPasswordSevenChar" />
    </UnitTest>
    <UnitTest name="SignupnewAccount" storage="c:\users\balaji.venkat\source\workspaces\theranos.test-automation\references\internal\.me android\theranos.automation.me.android.dll" id="70880c55-0789-9f0f-beac-8fb1e771c12f">
      <TestMethod codeBase="c:/users/balaji.venkat/source/workspaces/theranos.test-automation/references/internal/.me android/Theranos.Automation.ME.Android.DLL" adapterTypeName="Microsoft.VisualStudio.TestTools.TestTypes.Unit.UnitTestAdapter, Microsoft.VisualStudio.QualityTools.Tips.UnitTest.Adapter, Version=12.0.0.0, Culture=neutral, PublicKeyToken=b03f5f7f11d50a3a" className="Theranos.Automation.ME.Android.TestSuite.AccountCreationSuite, Theranos.Automation.ME.Android, Version=1.0.0.0, Culture=neutral, PublicKeyToken=null" name="SignupnewAccount" />
    </UnitTest>
    <UnitTest name="SignUpInValidPasswordNoLower" storage="c:\users\balaji.venkat\source\workspaces\theranos.test-automation\references\internal\.me android\theranos.automation.me.android.dll" id="7fd4ecc5-2233-b7c3-f51f-f56f6f461ecd">
      <TestMethod codeBase="c:/users/balaji.venkat/source/workspaces/theranos.test-automation/references/internal/.me android/Theranos.Automation.ME.Android.DLL" adapterTypeName="Microsoft.VisualStudio.TestTools.TestTypes.Unit.UnitTestAdapter, Microsoft.VisualStudio.QualityTools.Tips.UnitTest.Adapter, Version=12.0.0.0, Culture=neutral, PublicKeyToken=b03f5f7f11d50a3a" className="Theranos.Automation.ME.Android.TestSuite.AccountCreationSuite, Theranos.Automation.ME.Android, Version=1.0.0.0, Culture=neutral, PublicKeyToken=null" name="SignUpInValidPasswordNoLower" />
    </UnitTest>
    <UnitTest name="SignUpTwoSecurityAns" storage="c:\users\balaji.venkat\source\workspaces\theranos.test-automation\references\internal\.me android\theranos.automation.me.android.dll" id="b294483f-c217-e473-2d53-4e0fae69125a">
      <TestMethod codeBase="c:/users/balaji.venkat/source/workspaces/theranos.test-automation/references/internal/.me android/Theranos.Automation.ME.Android.DLL" adapterTypeName="Microsoft.VisualStudio.TestTools.TestTypes.Unit.UnitTestAdapter, Microsoft.VisualStudio.QualityTools.Tips.UnitTest.Adapter, Version=12.0.0.0, Culture=neutral, PublicKeyToken=b03f5f7f11d50a3a" className="Theranos.Automation.ME.Android.TestSuite.AccountCreationSuite, Theranos.Automation.ME.Android, Version=1.0.0.0, Culture=neutral, PublicKeyToken=null" name="SignUpTwoSecurityAns" />
    </UnitTest>
    <UnitTest name="SignUpInValidPasswordNoNumeric" storage="c:\users\balaji.venkat\source\workspaces\theranos.test-automation\references\internal\.me android\theranos.automation.me.android.dll" id="61455770-3368-2c6a-17e1-688edc00b2d0">
      <TestMethod codeBase="c:/users/balaji.venkat/source/workspaces/theranos.test-automation/references/internal/.me android/Theranos.Automation.ME.Android.DLL" adapterTypeName="Microsoft.VisualStudio.TestTools.TestTypes.Unit.UnitTestAdapter, Microsoft.VisualStudio.QualityTools.Tips.UnitTest.Adapter, Version=12.0.0.0, Culture=neutral, PublicKeyToken=b03f5f7f11d50a3a" className="Theranos.Automation.ME.Android.TestSuite.AccountCreationSuite, Theranos.Automation.ME.Android, Version=1.0.0.0, Culture=neutral, PublicKeyToken=null" name="SignUpInValidPasswordNoNumeric" />
    </UnitTest>
    <UnitTest name="UNACC_PasswordUpdate" storage="c:\users\balaji.venkat\source\workspaces\theranos.test-automation\references\internal\.me android\theranos.automation.me.android.dll" id="da687907-31b4-7282-68fd-54be3225d44b">
      <TestMethod codeBase="c:/users/balaji.venkat/source/workspaces/theranos.test-automation/references/internal/.me android/Theranos.Automation.ME.Android.DLL" adapterTypeName="Microsoft.VisualStudio.TestTools.TestTypes.Unit.UnitTestAdapter, Microsoft.VisualStudio.QualityTools.Tips.UnitTest.Adapter, Version=12.0.0.0, Culture=neutral, PublicKeyToken=b03f5f7f11d50a3a" className="Theranos.Automation.ME.Android.TestScenarios.UnLinkAccScenario, Theranos.Automation.ME.Android, Version=1.0.0.0, Culture=neutral, PublicKeyToken=null" name="UNACC_PasswordUpdate" />
    </UnitTest>
    <UnitTest name="CheckTestDisplayInCart" storage="c:\users\balaji.venkat\source\workspaces\theranos.test-automation\references\internal\.me android\theranos.automation.me.android.dll" id="8d3913ba-f58e-cbd0-b95d-8b1ee1ae4c5d">
      <TestMethod codeBase="c:/users/balaji.venkat/source/workspaces/theranos.test-automation/references/internal/.me android/Theranos.Automation.ME.Android.DLL" adapterTypeName="Microsoft.VisualStudio.TestTools.TestTypes.Unit.UnitTestAdapter, Microsoft.VisualStudio.QualityTools.Tips.UnitTest.Adapter, Version=12.0.0.0, Culture=neutral, PublicKeyToken=b03f5f7f11d50a3a" className="Theranos.Automation.ME.Android.TestSuite.UserInfoSuite, Theranos.Automation.ME.Android, Version=1.0.0.0, Culture=neutral, PublicKeyToken=null" name="CheckTestDisplayInCart" />
    </UnitTest>
    <UnitTest name="ACC_LinkedAccountMailingAddress" storage="c:\users\balaji.venkat\source\workspaces\theranos.test-automation\references\internal\.me android\theranos.automation.me.android.dll" id="0f6c464b-affb-2010-23bc-236b32ffba73">
      <TestMethod codeBase="c:/users/balaji.venkat/source/workspaces/theranos.test-automation/references/internal/.me android/Theranos.Automation.ME.Android.DLL" adapterTypeName="Microsoft.VisualStudio.TestTools.TestTypes.Unit.UnitTestAdapter, Microsoft.VisualStudio.QualityTools.Tips.UnitTest.Adapter, Version=12.0.0.0, Culture=neutral, PublicKeyToken=b03f5f7f11d50a3a" className="Theranos.Automation.ME.Android.TestScenarios.BasicInfoScenarios, Theranos.Automation.ME.Android, Version=1.0.0.0, Culture=neutral, PublicKeyToken=null" name="ACC_LinkedAccountMailingAddress" />
    </UnitTest>
    <UnitTest name="Inactiveacc" storage="c:\users\balaji.venkat\source\workspaces\theranos.test-automation\references\internal\.me android\theranos.automation.me.android.dll" id="8249f2ad-f341-5bb4-ef2a-60b4af4ce21c">
      <TestMethod codeBase="c:/users/balaji.venkat/source/workspaces/theranos.test-automation/references/internal/.me android/Theranos.Automation.ME.Android.DLL" adapterTypeName="Microsoft.VisualStudio.TestTools.TestTypes.Unit.UnitTestAdapter, Microsoft.VisualStudio.QualityTools.Tips.UnitTest.Adapter, Version=12.0.0.0, Culture=neutral, PublicKeyToken=b03f5f7f11d50a3a" className="Theranos.Automation.ME.Android.TestSuite.LoginSuite, Theranos.Automation.ME.Android, Version=1.0.0.0, Culture=neutral, PublicKeyToken=null" name="Inactiveacc" />
    </UnitTest>
    <UnitTest name="ACC_AddInsurancepage" storage="c:\users\balaji.venkat\source\workspaces\theranos.test-automation\references\internal\.me android\theranos.automation.me.android.dll" id="90e9f033-4b8e-3b48-a6ac-7942dd37120d">
      <TestMethod codeBase="c:/users/balaji.venkat/source/workspaces/theranos.test-automation/references/internal/.me android/Theranos.Automation.ME.Android.DLL" adapterTypeName="Microsoft.VisualStudio.TestTools.TestTypes.Unit.UnitTestAdapter, Microsoft.VisualStudio.QualityTools.Tips.UnitTest.Adapter, Version=12.0.0.0, Culture=neutral, PublicKeyToken=b03f5f7f11d50a3a" className="Theranos.Automation.ME.Android.TestScenarios.InsuranceScenarios, Theranos.Automation.ME.Android, Version=1.0.0.0, Culture=neutral, PublicKeyToken=null" name="ACC_AddInsurancepage" />
    </UnitTest>
    <UnitTest name="ACC_ProvisionalAccountMailingAddress" storage="c:\users\balaji.venkat\source\workspaces\theranos.test-automation\references\internal\.me android\theranos.automation.me.android.dll" id="8cb20ed2-9e09-e655-0df8-025b71cc2015">
      <TestMethod codeBase="c:/users/balaji.venkat/source/workspaces/theranos.test-automation/references/internal/.me android/Theranos.Automation.ME.Android.DLL" adapterTypeName="Microsoft.VisualStudio.TestTools.TestTypes.Unit.UnitTestAdapter, Microsoft.VisualStudio.QualityTools.Tips.UnitTest.Adapter, Version=12.0.0.0, Culture=neutral, PublicKeyToken=b03f5f7f11d50a3a" className="Theranos.Automation.ME.Android.TestScenarios.BasicInfoScenarios, Theranos.Automation.ME.Android, Version=1.0.0.0, Culture=neutral, PublicKeyToken=null" name="ACC_ProvisionalAccountMailingAddress" />
    </UnitTest>
    <UnitTest name="ACC_RemoveInsurance" storage="c:\users\balaji.venkat\source\workspaces\theranos.test-automation\references\internal\.me android\theranos.automation.me.android.dll" id="dcec2015-1b49-7efa-f771-8ba5b3470cf3">
      <TestMethod codeBase="c:/users/balaji.venkat/source/workspaces/theranos.test-automation/references/internal/.me android/Theranos.Automation.ME.Android.DLL" adapterTypeName="Microsoft.VisualStudio.TestTools.TestTypes.Unit.UnitTestAdapter, Microsoft.VisualStudio.QualityTools.Tips.UnitTest.Adapter, Version=12.0.0.0, Culture=neutral, PublicKeyToken=b03f5f7f11d50a3a" className="Theranos.Automation.ME.Android.TestScenarios.InsuranceScenarios, Theranos.Automation.ME.Android, Version=1.0.0.0, Culture=neutral, PublicKeyToken=null" name="ACC_RemoveInsurance" />
    </UnitTest>
    <UnitTest name="ACC_PasswordUpdate" storage="c:\users\balaji.venkat\source\workspaces\theranos.test-automation\references\internal\.me android\theranos.automation.me.android.dll" id="66990e9c-8465-0fe5-3d63-e7a4c19712cc">
      <TestMethod codeBase="c:/users/balaji.venkat/source/workspaces/theranos.test-automation/references/internal/.me android/Theranos.Automation.ME.Android.DLL" adapterTypeName="Microsoft.VisualStudio.TestTools.TestTypes.Unit.UnitTestAdapter, Microsoft.VisualStudio.QualityTools.Tips.UnitTest.Adapter, Version=12.0.0.0, Culture=neutral, PublicKeyToken=b03f5f7f11d50a3a" className="Theranos.Automation.ME.Android.TestScenarios.Accountsceanrios, Theranos.Automation.ME.Android, Version=1.0.0.0, Culture=neutral, PublicKeyToken=null" name="ACC_PasswordUpdate" />
    </UnitTest>
    <UnitTest name="LSLoginValid" storage="c:\users\balaji.venkat\source\workspaces\theranos.test-automation\references\internal\.me android\theranos.automation.me.android.dll" id="e792d3b7-ea23-574e-4a45-55ad581e0fde">
      <TestMethod codeBase="c:/users/balaji.venkat/source/workspaces/theranos.test-automation/references/internal/.me android/Theranos.Automation.ME.Android.DLL" adapterTypeName="Microsoft.VisualStudio.TestTools.TestTypes.Unit.UnitTestAdapter, Microsoft.VisualStudio.QualityTools.Tips.UnitTest.Adapter, Version=12.0.0.0, Culture=neutral, PublicKeyToken=b03f5f7f11d50a3a" className="Theranos.Automation.ME.Android.TestSuite.LoginSuite, Theranos.Automation.ME.Android, Version=1.0.0.0, Culture=neutral, PublicKeyToken=null" name="LSLoginValid" />
    </UnitTest>
    <UnitTest name="UNACC_PasscodeValidation" storage="c:\users\balaji.venkat\source\workspaces\theranos.test-automation\references\internal\.me android\theranos.automation.me.android.dll" id="325e9054-5a64-92ed-5852-1ed6bd3f7009">
      <TestMethod codeBase="c:/users/balaji.venkat/source/workspaces/theranos.test-automation/references/internal/.me android/Theranos.Automation.ME.Android.DLL" adapterTypeName="Microsoft.VisualStudio.TestTools.TestTypes.Unit.UnitTestAdapter, Microsoft.VisualStudio.QualityTools.Tips.UnitTest.Adapter, Version=12.0.0.0, Culture=neutral, PublicKeyToken=b03f5f7f11d50a3a" className="Theranos.Automation.ME.Android.TestScenarios.UnLinkAccScenario, Theranos.Automation.ME.Android, Version=1.0.0.0, Culture=neutral, PublicKeyToken=null" name="UNACC_PasscodeValidation" />
    </UnitTest>
    <UnitTest name="ActiveOrderDelete" storage="c:\users\balaji.venkat\source\workspaces\theranos.test-automation\references\internal\.me android\theranos.automation.me.android.dll" id="aaaa7ebf-c2cc-a95d-2084-545c1056e6ad">
      <TestMethod codeBase="c:/users/balaji.venkat/source/workspaces/theranos.test-automation/references/internal/.me android/Theranos.Automation.ME.Android.DLL" adapterTypeName="Microsoft.VisualStudio.TestTools.TestTypes.Unit.UnitTestAdapter, Microsoft.VisualStudio.QualityTools.Tips.UnitTest.Adapter, Version=12.0.0.0, Culture=neutral, PublicKeyToken=b03f5f7f11d50a3a" className="Theranos.Automation.ME.Android.TestSuite.UserInfoSuite, Theranos.Automation.ME.Android, Version=1.0.0.0, Culture=neutral, PublicKeyToken=null" name="ActiveOrderDelete" />
    </UnitTest>
    <UnitTest name="DashBoardtoFindCenter" storage="c:\users\balaji.venkat\source\workspaces\theranos.test-automation\references\internal\.me android\theranos.automation.me.android.dll" id="9300ebd3-f2e3-13d4-5dee-6a9fd6f73915">
      <TestMethod codeBase="c:/users/balaji.venkat/source/workspaces/theranos.test-automation/references/internal/.me android/Theranos.Automation.ME.Android.DLL" adapterTypeName="Microsoft.VisualStudio.TestTools.TestTypes.Unit.UnitTestAdapter, Microsoft.VisualStudio.QualityTools.Tips.UnitTest.Adapter, Version=12.0.0.0, Culture=neutral, PublicKeyToken=b03f5f7f11d50a3a" className="Theranos.Automation.ME.Android.TestScenarios.Accountsceanrios, Theranos.Automation.ME.Android, Version=1.0.0.0, Culture=neutral, PublicKeyToken=null" name="DashBoardtoFindCenter" />
    </UnitTest>
    <UnitTest name="DashBoardtoOrderPage" storage="c:\users\balaji.venkat\source\workspaces\theranos.test-automation\references\internal\.me android\theranos.automation.me.android.dll" id="27423179-3846-9ce8-93a9-e3bd1a5c465f">
      <TestMethod codeBase="c:/users/balaji.venkat/source/workspaces/theranos.test-automation/references/internal/.me android/Theranos.Automation.ME.Android.DLL" adapterTypeName="Microsoft.VisualStudio.TestTools.TestTypes.Unit.UnitTestAdapter, Microsoft.VisualStudio.QualityTools.Tips.UnitTest.Adapter, Version=12.0.0.0, Culture=neutral, PublicKeyToken=b03f5f7f11d50a3a" className="Theranos.Automation.ME.Android.TestScenarios.Accountsceanrios, Theranos.Automation.ME.Android, Version=1.0.0.0, Culture=neutral, PublicKeyToken=null" name="DashBoardtoOrderPage" />
    </UnitTest>
    <UnitTest name="ACC_BasicInfoScripts" storage="c:\users\balaji.venkat\source\workspaces\theranos.test-automation\references\internal\.me android\theranos.automation.me.android.dll" id="624d94f3-30ca-b531-a5fc-a0d676c92875">
      <TestMethod codeBase="c:/users/balaji.venkat/source/workspaces/theranos.test-automation/references/internal/.me android/Theranos.Automation.ME.Android.DLL" adapterTypeName="Microsoft.VisualStudio.TestTools.TestTypes.Unit.UnitTestAdapter, Microsoft.VisualStudio.QualityTools.Tips.UnitTest.Adapter, Version=12.0.0.0, Culture=neutral, PublicKeyToken=b03f5f7f11d50a3a" className="Theranos.Automation.ME.Android.TestScenarios.BasicInfoScenarios, Theranos.Automation.ME.Android, Version=1.0.0.0, Culture=neutral, PublicKeyToken=null" name="ACC_BasicInfoScripts" />
    </UnitTest>
    <UnitTest name="CheckCenterIsDisplayed" storage="c:\users\balaji.venkat\source\workspaces\theranos.test-automation\references\internal\.me android\theranos.automation.me.android.dll" id="0c06edc6-1278-6d5b-2eb6-bc4ff74abcdc">
      <TestMethod codeBase="c:/users/balaji.venkat/source/workspaces/theranos.test-automation/references/internal/.me android/Theranos.Automation.ME.Android.DLL" adapterTypeName="Microsoft.VisualStudio.TestTools.TestTypes.Unit.UnitTestAdapter, Microsoft.VisualStudio.QualityTools.Tips.UnitTest.Adapter, Version=12.0.0.0, Culture=neutral, PublicKeyToken=b03f5f7f11d50a3a" className="Theranos.Automation.ME.Android.TestSuite.UserInfoSuite, Theranos.Automation.ME.Android, Version=1.0.0.0, Culture=neutral, PublicKeyToken=null" name="CheckCenterIsDisplayed" />
    </UnitTest>
    <UnitTest name="InvaildCredetial" storage="c:\users\balaji.venkat\source\workspaces\theranos.test-automation\references\internal\.me android\theranos.automation.me.android.dll" id="7c375b8f-36d7-0539-791c-7506b4e7fc12">
      <TestMethod codeBase="c:/users/balaji.venkat/source/workspaces/theranos.test-automation/references/internal/.me android/Theranos.Automation.ME.Android.DLL" adapterTypeName="Microsoft.VisualStudio.TestTools.TestTypes.Unit.UnitTestAdapter, Microsoft.VisualStudio.QualityTools.Tips.UnitTest.Adapter, Version=12.0.0.0, Culture=neutral, PublicKeyToken=b03f5f7f11d50a3a" className="Theranos.Automation.ME.Android.TestSuite.LoginSuite, Theranos.Automation.ME.Android, Version=1.0.0.0, Culture=neutral, PublicKeyToken=null" name="InvaildCredetial" />
    </UnitTest>
    <UnitTest name="Need_RetrieveNonActiveUserName" storage="c:\users\balaji.venkat\source\workspaces\theranos.test-automation\references\internal\.me android\theranos.automation.me.android.dll" id="2de22715-1289-d8bc-bd24-3617be722687">
      <TestMethod codeBase="c:/users/balaji.venkat/source/workspaces/theranos.test-automation/references/internal/.me android/Theranos.Automation.ME.Android.DLL" adapterTypeName="Microsoft.VisualStudio.TestTools.TestTypes.Unit.UnitTestAdapter, Microsoft.VisualStudio.QualityTools.Tips.UnitTest.Adapter, Version=12.0.0.0, Culture=neutral, PublicKeyToken=b03f5f7f11d50a3a" className="Theranos.Automation.ME.Android.TestSuite.NeedHelpSuite, Theranos.Automation.ME.Android, Version=1.0.0.0, Culture=neutral, PublicKeyToken=null" name="Need_RetrieveNonActiveUserName" />
    </UnitTest>
    <OrderedTest name="FullSuite" storage="c:\users\balaji.venkat\source\workspaces\theranos.test-automation\references\internal\.me android\fullsuite.orderedtest" id="674397a9-5ddb-44e4-9ab9-46a85687b85c" continueAfterFailure="true">
      <Execution id="9184c227-6e75-418e-b280-7ca28828642a" />
      <TestLinks>
        <TestLink id="70880c55-0789-9f0f-beac-8fb1e771c12f" name="SignupnewAccount" storage="..\..\..\..\..\references\internal\.me android\theranos.automation.me.android.dll" type="Microsoft.VisualStudio.TestTools.TestTypes.Unit.UnitTestElement, Microsoft.VisualStudio.QualityTools.Tips.UnitTest.ObjectModel, Version=12.0.0.0, Culture=neutral, PublicKeyToken=b03f5f7f11d50a3a" />
        <TestLink id="889f91a9-ea03-8011-03e8-98e0c21f6c89" name="SignUpInvalidEmail" storage="..\..\..\..\..\references\internal\.me android\theranos.automation.me.android.dll" type="Microsoft.VisualStudio.TestTools.TestTypes.Unit.UnitTestElement, Microsoft.VisualStudio.QualityTools.Tips.UnitTest.ObjectModel, Version=12.0.0.0, Culture=neutral, PublicKeyToken=b03f5f7f11d50a3a" />
        <TestLink id="158fcc65-7fa0-4eec-8ae9-e02a29d72de2" name="SignUpInvalidUserName" storage="..\..\..\..\..\references\internal\.me android\theranos.automation.me.android.dll" type="Microsoft.VisualStudio.TestTools.TestTypes.Unit.UnitTestElement, Microsoft.VisualStudio.QualityTools.Tips.UnitTest.ObjectModel, Version=12.0.0.0, Culture=neutral, PublicKeyToken=b03f5f7f11d50a3a" />
        <TestLink id="58ae38a2-2812-5a47-dc5e-927d47aa4939" name="SignUpAgeValidation" storage="..\..\..\..\..\references\internal\.me android\theranos.automation.me.android.dll" type="Microsoft.VisualStudio.TestTools.TestTypes.Unit.UnitTestElement, Microsoft.VisualStudio.QualityTools.Tips.UnitTest.ObjectModel, Version=12.0.0.0, Culture=neutral, PublicKeyToken=b03f5f7f11d50a3a" />
        <TestLink id="4f73a148-a955-8e75-fc71-c876124e4ebd" name="SignUpInValidPasswordSevenChar" storage="..\..\..\..\..\references\internal\.me android\theranos.automation.me.android.dll" type="Microsoft.VisualStudio.TestTools.TestTypes.Unit.UnitTestElement, Microsoft.VisualStudio.QualityTools.Tips.UnitTest.ObjectModel, Version=12.0.0.0, Culture=neutral, PublicKeyToken=b03f5f7f11d50a3a" />
        <TestLink id="4f75e710-ecba-fcf1-0433-199dc8a286a1" name="SignUpInValidPasswordNoUpper" storage="..\..\..\..\..\references\internal\.me android\theranos.automation.me.android.dll" type="Microsoft.VisualStudio.TestTools.TestTypes.Unit.UnitTestElement, Microsoft.VisualStudio.QualityTools.Tips.UnitTest.ObjectModel, Version=12.0.0.0, Culture=neutral, PublicKeyToken=b03f5f7f11d50a3a" />
        <TestLink id="7fd4ecc5-2233-b7c3-f51f-f56f6f461ecd" name="SignUpInValidPasswordNoLower" storage="..\..\..\..\..\references\internal\.me android\theranos.automation.me.android.dll" type="Microsoft.VisualStudio.TestTools.TestTypes.Unit.UnitTestElement, Microsoft.VisualStudio.QualityTools.Tips.UnitTest.ObjectModel, Version=12.0.0.0, Culture=neutral, PublicKeyToken=b03f5f7f11d50a3a" />
        <TestLink id="61455770-3368-2c6a-17e1-688edc00b2d0" name="SignUpInValidPasswordNoNumeric" storage="..\..\..\..\..\references\internal\.me android\theranos.automation.me.android.dll" type="Microsoft.VisualStudio.TestTools.TestTypes.Unit.UnitTestElement, Microsoft.VisualStudio.QualityTools.Tips.UnitTest.ObjectModel, Version=12.0.0.0, Culture=neutral, PublicKeyToken=b03f5f7f11d50a3a" />
        <TestLink id="1e7f0bca-8dd4-ee82-b049-953c400bbd15" name="SignUpSigleSecurityAns" storage="..\..\..\..\..\references\internal\.me android\theranos.automation.me.android.dll" type="Microsoft.VisualStudio.TestTools.TestTypes.Unit.UnitTestElement, Microsoft.VisualStudio.QualityTools.Tips.UnitTest.ObjectModel, Version=12.0.0.0, Culture=neutral, PublicKeyToken=b03f5f7f11d50a3a" />
        <TestLink id="b294483f-c217-e473-2d53-4e0fae69125a" name="SignUpTwoSecurityAns" storage="..\..\..\..\..\references\internal\.me android\theranos.automation.me.android.dll" type="Microsoft.VisualStudio.TestTools.TestTypes.Unit.UnitTestElement, Microsoft.VisualStudio.QualityTools.Tips.UnitTest.ObjectModel, Version=12.0.0.0, Culture=neutral, PublicKeyToken=b03f5f7f11d50a3a" />
        <TestLink id="e792d3b7-ea23-574e-4a45-55ad581e0fde" name="LSLoginValid" storage="..\..\..\..\..\references\internal\.me android\theranos.automation.me.android.dll" type="Microsoft.VisualStudio.TestTools.TestTypes.Unit.UnitTestElement, Microsoft.VisualStudio.QualityTools.Tips.UnitTest.ObjectModel, Version=12.0.0.0, Culture=neutral, PublicKeyToken=b03f5f7f11d50a3a" />
        <TestLink id="543ccd34-0e45-5154-976b-b9e93abeb5ea" name="InvaildUser" storage="..\..\..\..\..\references\internal\.me android\theranos.automation.me.android.dll" type="Microsoft.VisualStudio.TestTools.TestTypes.Unit.UnitTestElement, Microsoft.VisualStudio.QualityTools.Tips.UnitTest.ObjectModel, Version=12.0.0.0, Culture=neutral, PublicKeyToken=b03f5f7f11d50a3a" />
        <TestLink id="e2a3957f-5181-d032-924a-62c968d680ff" name="InvaildPass" storage="..\..\..\..\..\references\internal\.me android\theranos.automation.me.android.dll" type="Microsoft.VisualStudio.TestTools.TestTypes.Unit.UnitTestElement, Microsoft.VisualStudio.QualityTools.Tips.UnitTest.ObjectModel, Version=12.0.0.0, Culture=neutral, PublicKeyToken=b03f5f7f11d50a3a" />
        <TestLink id="7c375b8f-36d7-0539-791c-7506b4e7fc12" name="InvaildCredetial" storage="..\..\..\..\..\references\internal\.me android\theranos.automation.me.android.dll" type="Microsoft.VisualStudio.TestTools.TestTypes.Unit.UnitTestElement, Microsoft.VisualStudio.QualityTools.Tips.UnitTest.ObjectModel, Version=12.0.0.0, Culture=neutral, PublicKeyToken=b03f5f7f11d50a3a" />
        <TestLink id="8249f2ad-f341-5bb4-ef2a-60b4af4ce21c" name="Inactiveacc" storage="..\..\..\..\..\references\internal\.me android\theranos.automation.me.android.dll" type="Microsoft.VisualStudio.TestTools.TestTypes.Unit.UnitTestElement, Microsoft.VisualStudio.QualityTools.Tips.UnitTest.ObjectModel, Version=12.0.0.0, Culture=neutral, PublicKeyToken=b03f5f7f11d50a3a" />
        <TestLink id="989b1802-c266-c125-2fc0-760eb8aabd85" name="SequentialLogin" storage="..\..\..\..\..\references\internal\.me android\theranos.automation.me.android.dll" type="Microsoft.VisualStudio.TestTools.TestTypes.Unit.UnitTestElement, Microsoft.VisualStudio.QualityTools.Tips.UnitTest.ObjectModel, Version=12.0.0.0, Culture=neutral, PublicKeyToken=b03f5f7f11d50a3a" />
        <TestLink id="4746ff04-4012-0365-e7aa-6d77b8e103ea" name="Need_ActivateLink" storage="..\..\..\..\..\references\internal\.me android\theranos.automation.me.android.dll" type="Microsoft.VisualStudio.TestTools.TestTypes.Unit.UnitTestElement, Microsoft.VisualStudio.QualityTools.Tips.UnitTest.ObjectModel, Version=12.0.0.0, Culture=neutral, PublicKeyToken=b03f5f7f11d50a3a" />
        <TestLink id="9e63a5a4-33c0-6c6b-5601-33334771d4c7" name="Need_PasswordResetValidUser" storage="..\..\..\..\..\references\internal\.me android\theranos.automation.me.android.dll" type="Microsoft.VisualStudio.TestTools.TestTypes.Unit.UnitTestElement, Microsoft.VisualStudio.QualityTools.Tips.UnitTest.ObjectModel, Version=12.0.0.0, Culture=neutral, PublicKeyToken=b03f5f7f11d50a3a" />
        <TestLink id="9d1201a3-7793-5b83-88c8-ec84de8653d7" name="Need_PasswordResetInValidUser" storage="..\..\..\..\..\references\internal\.me android\theranos.automation.me.android.dll" type="Microsoft.VisualStudio.TestTools.TestTypes.Unit.UnitTestElement, Microsoft.VisualStudio.QualityTools.Tips.UnitTest.ObjectModel, Version=12.0.0.0, Culture=neutral, PublicKeyToken=b03f5f7f11d50a3a" />
        <TestLink id="9fd85355-1564-a6bc-15ff-38a9bb7b83c8" name="Need_RetrieveActiveUserName" storage="..\..\..\..\..\references\internal\.me android\theranos.automation.me.android.dll" type="Microsoft.VisualStudio.TestTools.TestTypes.Unit.UnitTestElement, Microsoft.VisualStudio.QualityTools.Tips.UnitTest.ObjectModel, Version=12.0.0.0, Culture=neutral, PublicKeyToken=b03f5f7f11d50a3a" />
        <TestLink id="2de22715-1289-d8bc-bd24-3617be722687" name="Need_RetrieveNonActiveUserName" storage="..\..\..\..\..\references\internal\.me android\theranos.automation.me.android.dll" type="Microsoft.VisualStudio.TestTools.TestTypes.Unit.UnitTestElement, Microsoft.VisualStudio.QualityTools.Tips.UnitTest.ObjectModel, Version=12.0.0.0, Culture=neutral, PublicKeyToken=b03f5f7f11d50a3a" />
        <TestLink id="c7136218-6793-7cf8-e600-6f485679c49a" name="ACC_AccountUserName" storage="..\..\..\..\..\references\internal\.me android\theranos.automation.me.android.dll" type="Microsoft.VisualStudio.TestTools.TestTypes.Unit.UnitTestElement, Microsoft.VisualStudio.QualityTools.Tips.UnitTest.ObjectModel, Version=12.0.0.0, Culture=neutral, PublicKeyToken=b03f5f7f11d50a3a" />
        <TestLink id="66990e9c-8465-0fe5-3d63-e7a4c19712cc" name="ACC_PasswordUpdate" storage="..\..\..\..\..\references\internal\.me android\theranos.automation.me.android.dll" type="Microsoft.VisualStudio.TestTools.TestTypes.Unit.UnitTestElement, Microsoft.VisualStudio.QualityTools.Tips.UnitTest.ObjectModel, Version=12.0.0.0, Culture=neutral, PublicKeyToken=b03f5f7f11d50a3a" />
        <TestLink id="e555a28a-4aa9-bc38-3888-c06cf0ecd50c" name="ACC_AccountInvalidEmail" storage="..\..\..\..\..\references\internal\.me android\theranos.automation.me.android.dll" type="Microsoft.VisualStudio.TestTools.TestTypes.Unit.UnitTestElement, Microsoft.VisualStudio.QualityTools.Tips.UnitTest.ObjectModel, Version=12.0.0.0, Culture=neutral, PublicKeyToken=b03f5f7f11d50a3a" />
        <TestLink id="db5bcda4-3d5b-50b9-1d71-a73a2dd9fcc6" name="ACC_PasscodeValidation" storage="..\..\..\..\..\references\internal\.me android\theranos.automation.me.android.dll" type="Microsoft.VisualStudio.TestTools.TestTypes.Unit.UnitTestElement, Microsoft.VisualStudio.QualityTools.Tips.UnitTest.ObjectModel, Version=12.0.0.0, Culture=neutral, PublicKeyToken=b03f5f7f11d50a3a" />
        <TestLink id="8130bb48-5ce0-f810-0813-10950657ff71" name="ACC_PasscodeReset" storage="..\..\..\..\..\references\internal\.me android\theranos.automation.me.android.dll" type="Microsoft.VisualStudio.TestTools.TestTypes.Unit.UnitTestElement, Microsoft.VisualStudio.QualityTools.Tips.UnitTest.ObjectModel, Version=12.0.0.0, Culture=neutral, PublicKeyToken=b03f5f7f11d50a3a" />
        <TestLink id="2ea676a6-f8a7-548e-5c5a-cf087a590188" name="ACC_PasswordCondition" storage="..\..\..\..\..\references\internal\.me android\theranos.automation.me.android.dll" type="Microsoft.VisualStudio.TestTools.TestTypes.Unit.UnitTestElement, Microsoft.VisualStudio.QualityTools.Tips.UnitTest.ObjectModel, Version=12.0.0.0, Culture=neutral, PublicKeyToken=b03f5f7f11d50a3a" />
        <TestLink id="d527593a-fe98-dc75-d213-3698f792261f" name="ACC_InvalidPasswordCondition" storage="..\..\..\..\..\references\internal\.me android\theranos.automation.me.android.dll" type="Microsoft.VisualStudio.TestTools.TestTypes.Unit.UnitTestElement, Microsoft.VisualStudio.QualityTools.Tips.UnitTest.ObjectModel, Version=12.0.0.0, Culture=neutral, PublicKeyToken=b03f5f7f11d50a3a" />
        <TestLink id="9300ebd3-f2e3-13d4-5dee-6a9fd6f73915" name="DashBoardtoFindCenter" storage="..\..\..\..\..\references\internal\.me android\theranos.automation.me.android.dll" type="Microsoft.VisualStudio.TestTools.TestTypes.Unit.UnitTestElement, Microsoft.VisualStudio.QualityTools.Tips.UnitTest.ObjectModel, Version=12.0.0.0, Culture=neutral, PublicKeyToken=b03f5f7f11d50a3a" />
        <TestLink id="27423179-3846-9ce8-93a9-e3bd1a5c465f" name="DashBoardtoOrderPage" storage="..\..\..\..\..\references\internal\.me android\theranos.automation.me.android.dll" type="Microsoft.VisualStudio.TestTools.TestTypes.Unit.UnitTestElement, Microsoft.VisualStudio.QualityTools.Tips.UnitTest.ObjectModel, Version=12.0.0.0, Culture=neutral, PublicKeyToken=b03f5f7f11d50a3a" />
        <TestLink id="479d8eda-940d-84fe-d364-a2265aa0b06f" name="DashBoardtoResultPage" storage="..\..\..\..\..\references\internal\.me android\theranos.automation.me.android.dll" type="Microsoft.VisualStudio.TestTools.TestTypes.Unit.UnitTestElement, Microsoft.VisualStudio.QualityTools.Tips.UnitTest.ObjectModel, Version=12.0.0.0, Culture=neutral, PublicKeyToken=b03f5f7f11d50a3a" />
        <TestLink id="624d94f3-30ca-b531-a5fc-a0d676c92875" name="ACC_BasicInfoScripts" storage="..\..\..\..\..\references\internal\.me android\theranos.automation.me.android.dll" type="Microsoft.VisualStudio.TestTools.TestTypes.Unit.UnitTestElement, Microsoft.VisualStudio.QualityTools.Tips.UnitTest.ObjectModel, Version=12.0.0.0, Culture=neutral, PublicKeyToken=b03f5f7f11d50a3a" />
        <TestLink id="e38add73-8d08-5754-a27d-59d0299ed03f" name="ACC_BasicInfoDateOfBirth" storage="..\..\..\..\..\references\internal\.me android\theranos.automation.me.android.dll" type="Microsoft.VisualStudio.TestTools.TestTypes.Unit.UnitTestElement, Microsoft.VisualStudio.QualityTools.Tips.UnitTest.ObjectModel, Version=12.0.0.0, Culture=neutral, PublicKeyToken=b03f5f7f11d50a3a" />
        <TestLink id="f576ea37-5a88-6123-5781-97fe663fe864" name="ACC_BasicInfoGender" storage="..\..\..\..\..\references\internal\.me android\theranos.automation.me.android.dll" type="Microsoft.VisualStudio.TestTools.TestTypes.Unit.UnitTestElement, Microsoft.VisualStudio.QualityTools.Tips.UnitTest.ObjectModel, Version=12.0.0.0, Culture=neutral, PublicKeyToken=b03f5f7f11d50a3a" />
        <TestLink id="0f6c464b-affb-2010-23bc-236b32ffba73" name="ACC_LinkedAccountMailingAddress" storage="..\..\..\..\..\references\internal\.me android\theranos.automation.me.android.dll" type="Microsoft.VisualStudio.TestTools.TestTypes.Unit.UnitTestElement, Microsoft.VisualStudio.QualityTools.Tips.UnitTest.ObjectModel, Version=12.0.0.0, Culture=neutral, PublicKeyToken=b03f5f7f11d50a3a" />
        <TestLink id="8cb20ed2-9e09-e655-0df8-025b71cc2015" name="ACC_ProvisionalAccountMailingAddress" storage="..\..\..\..\..\references\internal\.me android\theranos.automation.me.android.dll" type="Microsoft.VisualStudio.TestTools.TestTypes.Unit.UnitTestElement, Microsoft.VisualStudio.QualityTools.Tips.UnitTest.ObjectModel, Version=12.0.0.0, Culture=neutral, PublicKeyToken=b03f5f7f11d50a3a" />
        <TestLink id="e2a12225-a31b-af62-194e-03846916e179" name="ACC_LinkedAccountBasicInfoPage" storage="..\..\..\..\..\references\internal\.me android\theranos.automation.me.android.dll" type="Microsoft.VisualStudio.TestTools.TestTypes.Unit.UnitTestElement, Microsoft.VisualStudio.QualityTools.Tips.UnitTest.ObjectModel, Version=12.0.0.0, Culture=neutral, PublicKeyToken=b03f5f7f11d50a3a" />
        <TestLink id="94956bce-696c-f536-4e02-996b699e2cd8" name="ACC_BasicInfoMobile" storage="..\..\..\..\..\references\internal\.me android\theranos.automation.me.android.dll" type="Microsoft.VisualStudio.TestTools.TestTypes.Unit.UnitTestElement, Microsoft.VisualStudio.QualityTools.Tips.UnitTest.ObjectModel, Version=12.0.0.0, Culture=neutral, PublicKeyToken=b03f5f7f11d50a3a" />
        <TestLink id="0a79ba54-8eec-7d34-1e58-946e3eee66bc" name="ACC_AddEmergencyContactspage" storage="..\..\..\..\..\references\internal\.me android\theranos.automation.me.android.dll" type="Microsoft.VisualStudio.TestTools.TestTypes.Unit.UnitTestElement, Microsoft.VisualStudio.QualityTools.Tips.UnitTest.ObjectModel, Version=12.0.0.0, Culture=neutral, PublicKeyToken=b03f5f7f11d50a3a" />
        <TestLink id="7e7c90fc-969e-96a3-8b58-c71d8b8fad68" name="ACC_EditEmergencyContact" storage="..\..\..\..\..\references\internal\.me android\theranos.automation.me.android.dll" type="Microsoft.VisualStudio.TestTools.TestTypes.Unit.UnitTestElement, Microsoft.VisualStudio.QualityTools.Tips.UnitTest.ObjectModel, Version=12.0.0.0, Culture=neutral, PublicKeyToken=b03f5f7f11d50a3a" />
        <TestLink id="bbaafe45-fde4-0324-bcfd-cfae721056b7" name="ACC_RemoveEmergencyValidation" storage="..\..\..\..\..\references\internal\.me android\theranos.automation.me.android.dll" type="Microsoft.VisualStudio.TestTools.TestTypes.Unit.UnitTestElement, Microsoft.VisualStudio.QualityTools.Tips.UnitTest.ObjectModel, Version=12.0.0.0, Culture=neutral, PublicKeyToken=b03f5f7f11d50a3a" />
        <TestLink id="70de5acc-bc15-c4e2-2565-55efb0a991e9" name="ACC_RemoveEmergencyContact" storage="..\..\..\..\..\references\internal\.me android\theranos.automation.me.android.dll" type="Microsoft.VisualStudio.TestTools.TestTypes.Unit.UnitTestElement, Microsoft.VisualStudio.QualityTools.Tips.UnitTest.ObjectModel, Version=12.0.0.0, Culture=neutral, PublicKeyToken=b03f5f7f11d50a3a" />
        <TestLink id="90e9f033-4b8e-3b48-a6ac-7942dd37120d" name="ACC_AddInsurancepage" storage="..\..\..\..\..\references\internal\.me android\theranos.automation.me.android.dll" type="Microsoft.VisualStudio.TestTools.TestTypes.Unit.UnitTestElement, Microsoft.VisualStudio.QualityTools.Tips.UnitTest.ObjectModel, Version=12.0.0.0, Culture=neutral, PublicKeyToken=b03f5f7f11d50a3a" />
        <TestLink id="dcec2015-1b49-7efa-f771-8ba5b3470cf3" name="ACC_RemoveInsurance" storage="..\..\..\..\..\references\internal\.me android\theranos.automation.me.android.dll" type="Microsoft.VisualStudio.TestTools.TestTypes.Unit.UnitTestElement, Microsoft.VisualStudio.QualityTools.Tips.UnitTest.ObjectModel, Version=12.0.0.0, Culture=neutral, PublicKeyToken=b03f5f7f11d50a3a" />
        <TestLink id="a203b0cc-6ee1-5edc-b5bb-527c8417a6d3" name="ACC_SelectedInsuranceDisplayed" storage="..\..\..\..\..\references\internal\.me android\theranos.automation.me.android.dll" type="Microsoft.VisualStudio.TestTools.TestTypes.Unit.UnitTestElement, Microsoft.VisualStudio.QualityTools.Tips.UnitTest.ObjectModel, Version=12.0.0.0, Culture=neutral, PublicKeyToken=b03f5f7f11d50a3a" />
        <TestLink id="bc516d39-e9f6-596c-5837-4e34f8ebb376" name="UNACC_AccountUserName" storage="..\..\..\..\..\references\internal\.me android\theranos.automation.me.android.dll" type="Microsoft.VisualStudio.TestTools.TestTypes.Unit.UnitTestElement, Microsoft.VisualStudio.QualityTools.Tips.UnitTest.ObjectModel, Version=12.0.0.0, Culture=neutral, PublicKeyToken=b03f5f7f11d50a3a" />
        <TestLink id="325e9054-5a64-92ed-5852-1ed6bd3f7009" name="UNACC_PasscodeValidation" storage="..\..\..\..\..\references\internal\.me android\theranos.automation.me.android.dll" type="Microsoft.VisualStudio.TestTools.TestTypes.Unit.UnitTestElement, Microsoft.VisualStudio.QualityTools.Tips.UnitTest.ObjectModel, Version=12.0.0.0, Culture=neutral, PublicKeyToken=b03f5f7f11d50a3a" />
        <TestLink id="da687907-31b4-7282-68fd-54be3225d44b" name="UNACC_PasswordUpdate" storage="..\..\..\..\..\references\internal\.me android\theranos.automation.me.android.dll" type="Microsoft.VisualStudio.TestTools.TestTypes.Unit.UnitTestElement, Microsoft.VisualStudio.QualityTools.Tips.UnitTest.ObjectModel, Version=12.0.0.0, Culture=neutral, PublicKeyToken=b03f5f7f11d50a3a" />
        <TestLink id="82a2a729-dfd1-806d-baf7-2bafc15d08d2" name="UserInfo" storage="..\..\..\..\..\references\internal\.me android\theranos.automation.me.android.dll" type="Microsoft.VisualStudio.TestTools.TestTypes.Unit.UnitTestElement, Microsoft.VisualStudio.QualityTools.Tips.UnitTest.ObjectModel, Version=12.0.0.0, Culture=neutral, PublicKeyToken=b03f5f7f11d50a3a" />
        <TestLink id="acb6b506-cb09-7909-9552-d80eaa15bef2" name="TwoCptTest" storage="..\..\..\..\..\references\internal\.me android\theranos.automation.me.android.dll" type="Microsoft.VisualStudio.TestTools.TestTypes.Unit.UnitTestElement, Microsoft.VisualStudio.QualityTools.Tips.UnitTest.ObjectModel, Version=12.0.0.0, Culture=neutral, PublicKeyToken=b03f5f7f11d50a3a" />
        <TestLink id="aaaa7ebf-c2cc-a95d-2084-545c1056e6ad" name="ActiveOrderDelete" storage="..\..\..\..\..\references\internal\.me android\theranos.automation.me.android.dll" type="Microsoft.VisualStudio.TestTools.TestTypes.Unit.UnitTestElement, Microsoft.VisualStudio.QualityTools.Tips.UnitTest.ObjectModel, Version=12.0.0.0, Culture=neutral, PublicKeyToken=b03f5f7f11d50a3a" />
        <TestLink id="98b8dc63-8b91-581f-1abc-979b22e03024" name="RemoveOrderFromCart" storage="..\..\..\..\..\references\internal\.me android\theranos.automation.me.android.dll" type="Microsoft.VisualStudio.TestTools.TestTypes.Unit.UnitTestElement, Microsoft.VisualStudio.QualityTools.Tips.UnitTest.ObjectModel, Version=12.0.0.0, Culture=neutral, PublicKeyToken=b03f5f7f11d50a3a" />
        <TestLink id="6655f3f2-6ecd-881a-992e-4095f7a8da73" name="DashBoardToTestMenuPage" storage="..\..\..\..\..\references\internal\.me android\theranos.automation.me.android.dll" type="Microsoft.VisualStudio.TestTools.TestTypes.Unit.UnitTestElement, Microsoft.VisualStudio.QualityTools.Tips.UnitTest.ObjectModel, Version=12.0.0.0, Culture=neutral, PublicKeyToken=b03f5f7f11d50a3a" />
        <TestLink id="48925ac1-c46a-08d7-9f9c-99c6b480d667" name="CheckCartEnable" storage="..\..\..\..\..\references\internal\.me android\theranos.automation.me.android.dll" type="Microsoft.VisualStudio.TestTools.TestTypes.Unit.UnitTestElement, Microsoft.VisualStudio.QualityTools.Tips.UnitTest.ObjectModel, Version=12.0.0.0, Culture=neutral, PublicKeyToken=b03f5f7f11d50a3a" />
        <TestLink id="aaa5c40f-72a6-2358-440a-9f16894f172b" name="CheckAddedTestDetails" storage="..\..\..\..\..\references\internal\.me android\theranos.automation.me.android.dll" type="Microsoft.VisualStudio.TestTools.TestTypes.Unit.UnitTestElement, Microsoft.VisualStudio.QualityTools.Tips.UnitTest.ObjectModel, Version=12.0.0.0, Culture=neutral, PublicKeyToken=b03f5f7f11d50a3a" />
        <TestLink id="187f7ddc-5d4e-d2a6-8ba4-6fa2fc2fc89b" name="AddTestWithCPT" storage="..\..\..\..\..\references\internal\.me android\theranos.automation.me.android.dll" type="Microsoft.VisualStudio.TestTools.TestTypes.Unit.UnitTestElement, Microsoft.VisualStudio.QualityTools.Tips.UnitTest.ObjectModel, Version=12.0.0.0, Culture=neutral, PublicKeyToken=b03f5f7f11d50a3a" />
        <TestLink id="b1f34c68-ea8c-545d-351f-419aeb8c9adf" name="CheckFastingTestDetails" storage="..\..\..\..\..\references\internal\.me android\theranos.automation.me.android.dll" type="Microsoft.VisualStudio.TestTools.TestTypes.Unit.UnitTestElement, Microsoft.VisualStudio.QualityTools.Tips.UnitTest.ObjectModel, Version=12.0.0.0, Culture=neutral, PublicKeyToken=b03f5f7f11d50a3a" />
        <TestLink id="8d3913ba-f58e-cbd0-b95d-8b1ee1ae4c5d" name="CheckTestDisplayInCart" storage="..\..\..\..\..\references\internal\.me android\theranos.automation.me.android.dll" type="Microsoft.VisualStudio.TestTools.TestTypes.Unit.UnitTestElement, Microsoft.VisualStudio.QualityTools.Tips.UnitTest.ObjectModel, Version=12.0.0.0, Culture=neutral, PublicKeyToken=b03f5f7f11d50a3a" />
        <TestLink id="b3adeec5-cd82-5121-754d-7a279018361c" name="CheckStateIsAdded" storage="..\..\..\..\..\references\internal\.me android\theranos.automation.me.android.dll" type="Microsoft.VisualStudio.TestTools.TestTypes.Unit.UnitTestElement, Microsoft.VisualStudio.QualityTools.Tips.UnitTest.ObjectModel, Version=12.0.0.0, Culture=neutral, PublicKeyToken=b03f5f7f11d50a3a" />
        <TestLink id="0c06edc6-1278-6d5b-2eb6-bc4ff74abcdc" name="CheckCenterIsDisplayed" storage="..\..\..\..\..\references\internal\.me android\theranos.automation.me.android.dll" type="Microsoft.VisualStudio.TestTools.TestTypes.Unit.UnitTestElement, Microsoft.VisualStudio.QualityTools.Tips.UnitTest.ObjectModel, Version=12.0.0.0, Culture=neutral, PublicKeyToken=b03f5f7f11d50a3a" />
        <TestLink id="825ce4d4-ac01-03d6-e029-3fcd6fc3e4da" name="CheckPanelTest" storage="..\..\..\..\..\references\internal\.me android\theranos.automation.me.android.dll" type="Microsoft.VisualStudio.TestTools.TestTypes.Unit.UnitTestElement, Microsoft.VisualStudio.QualityTools.Tips.UnitTest.ObjectModel, Version=12.0.0.0, Culture=neutral, PublicKeyToken=b03f5f7f11d50a3a" />
        <TestLink id="0c06edc6-1278-6d5b-2eb6-bc4ff74abcdc" name="CheckCenterIsDisplayed" storage="..\..\..\..\..\references\internal\.me android\theranos.automation.me.android.dll" type="Microsoft.VisualStudio.TestTools.TestTypes.Unit.UnitTestElement, Microsoft.VisualStudio.QualityTools.Tips.UnitTest.ObjectModel, Version=12.0.0.0, Culture=neutral, PublicKeyToken=b03f5f7f11d50a3a" />
        <TestLink id="67f1bfae-78d0-af22-4548-7e4bae53adff" name="CheckCenterLocations" storage="..\..\..\..\..\references\internal\.me android\theranos.automation.me.android.dll" type="Microsoft.VisualStudio.TestTools.TestTypes.Unit.UnitTestElement, Microsoft.VisualStudio.QualityTools.Tips.UnitTest.ObjectModel, Version=12.0.0.0, Culture=neutral, PublicKeyToken=b03f5f7f11d50a3a" />
      </TestLinks>
    </OrderedTest>
    <UnitTest name="CheckCenterLocations" storage="c:\users\balaji.venkat\source\workspaces\theranos.test-automation\references\internal\.me android\theranos.automation.me.android.dll" id="67f1bfae-78d0-af22-4548-7e4bae53adff">
      <TestMethod codeBase="c:/users/balaji.venkat/source/workspaces/theranos.test-automation/references/internal/.me android/Theranos.Automation.ME.Android.DLL" adapterTypeName="Microsoft.VisualStudio.TestTools.TestTypes.Unit.UnitTestAdapter, Microsoft.VisualStudio.QualityTools.Tips.UnitTest.Adapter, Version=12.0.0.0, Culture=neutral, PublicKeyToken=b03f5f7f11d50a3a" className="Theranos.Automation.ME.Android.TestScenarios.Accountsceanrios, Theranos.Automation.ME.Android, Version=1.0.0.0, Culture=neutral, PublicKeyToken=null" name="CheckCenterLocations" />
    </UnitTest>
    <UnitTest name="ACC_BasicInfoDateOfBirth" storage="c:\users\balaji.venkat\source\workspaces\theranos.test-automation\references\internal\.me android\theranos.automation.me.android.dll" id="e38add73-8d08-5754-a27d-59d0299ed03f">
      <TestMethod codeBase="c:/users/balaji.venkat/source/workspaces/theranos.test-automation/references/internal/.me android/Theranos.Automation.ME.Android.DLL" adapterTypeName="Microsoft.VisualStudio.TestTools.TestTypes.Unit.UnitTestAdapter, Microsoft.VisualStudio.QualityTools.Tips.UnitTest.Adapter, Version=12.0.0.0, Culture=neutral, PublicKeyToken=b03f5f7f11d50a3a" className="Theranos.Automation.ME.Android.TestScenarios.BasicInfoScenarios, Theranos.Automation.ME.Android, Version=1.0.0.0, Culture=neutral, PublicKeyToken=null" name="ACC_BasicInfoDateOfBirth" />
    </UnitTest>
    <UnitTest name="UserInfo" storage="c:\users\balaji.venkat\source\workspaces\theranos.test-automation\references\internal\.me android\theranos.automation.me.android.dll" id="82a2a729-dfd1-806d-baf7-2bafc15d08d2">
      <TestMethod codeBase="c:/users/balaji.venkat/source/workspaces/theranos.test-automation/references/internal/.me android/Theranos.Automation.ME.Android.DLL" adapterTypeName="Microsoft.VisualStudio.TestTools.TestTypes.Unit.UnitTestAdapter, Microsoft.VisualStudio.QualityTools.Tips.UnitTest.Adapter, Version=12.0.0.0, Culture=neutral, PublicKeyToken=b03f5f7f11d50a3a" className="Theranos.Automation.ME.Android.TestSuite.UserInfoSuite, Theranos.Automation.ME.Android, Version=1.0.0.0, Culture=neutral, PublicKeyToken=null" name="UserInfo" />
    </UnitTest>
    <UnitTest name="SignUpSigleSecurityAns" storage="c:\users\balaji.venkat\source\workspaces\theranos.test-automation\references\internal\.me android\theranos.automation.me.android.dll" id="1e7f0bca-8dd4-ee82-b049-953c400bbd15">
      <TestMethod codeBase="c:/users/balaji.venkat/source/workspaces/theranos.test-automation/references/internal/.me android/Theranos.Automation.ME.Android.DLL" adapterTypeName="Microsoft.VisualStudio.TestTools.TestTypes.Unit.UnitTestAdapter, Microsoft.VisualStudio.QualityTools.Tips.UnitTest.Adapter, Version=12.0.0.0, Culture=neutral, PublicKeyToken=b03f5f7f11d50a3a" className="Theranos.Automation.ME.Android.TestSuite.AccountCreationSuite, Theranos.Automation.ME.Android, Version=1.0.0.0, Culture=neutral, PublicKeyToken=null" name="SignUpSigleSecurityAns" />
    </UnitTest>
    <UnitTest name="SignUpInvalidUserName" storage="c:\users\balaji.venkat\source\workspaces\theranos.test-automation\references\internal\.me android\theranos.automation.me.android.dll" id="158fcc65-7fa0-4eec-8ae9-e02a29d72de2">
      <TestMethod codeBase="c:/users/balaji.venkat/source/workspaces/theranos.test-automation/references/internal/.me android/Theranos.Automation.ME.Android.DLL" adapterTypeName="Microsoft.VisualStudio.TestTools.TestTypes.Unit.UnitTestAdapter, Microsoft.VisualStudio.QualityTools.Tips.UnitTest.Adapter, Version=12.0.0.0, Culture=neutral, PublicKeyToken=b03f5f7f11d50a3a" className="Theranos.Automation.ME.Android.TestSuite.AccountCreationSuite, Theranos.Automation.ME.Android, Version=1.0.0.0, Culture=neutral, PublicKeyToken=null" name="SignUpInvalidUserName" />
    </UnitTest>
    <UnitTest name="DashBoardtoResultPage" storage="c:\users\balaji.venkat\source\workspaces\theranos.test-automation\references\internal\.me android\theranos.automation.me.android.dll" id="479d8eda-940d-84fe-d364-a2265aa0b06f">
      <TestMethod codeBase="c:/users/balaji.venkat/source/workspaces/theranos.test-automation/references/internal/.me android/Theranos.Automation.ME.Android.DLL" adapterTypeName="Microsoft.VisualStudio.TestTools.TestTypes.Unit.UnitTestAdapter, Microsoft.VisualStudio.QualityTools.Tips.UnitTest.Adapter, Version=12.0.0.0, Culture=neutral, PublicKeyToken=b03f5f7f11d50a3a" className="Theranos.Automation.ME.Android.TestScenarios.Accountsceanrios, Theranos.Automation.ME.Android, Version=1.0.0.0, Culture=neutral, PublicKeyToken=null" name="DashBoardtoResultPage" />
    </UnitTest>
    <UnitTest name="ACC_InvalidPasswordCondition" storage="c:\users\balaji.venkat\source\workspaces\theranos.test-automation\references\internal\.me android\theranos.automation.me.android.dll" id="d527593a-fe98-dc75-d213-3698f792261f">
      <TestMethod codeBase="c:/users/balaji.venkat/source/workspaces/theranos.test-automation/references/internal/.me android/Theranos.Automation.ME.Android.DLL" adapterTypeName="Microsoft.VisualStudio.TestTools.TestTypes.Unit.UnitTestAdapter, Microsoft.VisualStudio.QualityTools.Tips.UnitTest.Adapter, Version=12.0.0.0, Culture=neutral, PublicKeyToken=b03f5f7f11d50a3a" className="Theranos.Automation.ME.Android.TestScenarios.Accountsceanrios, Theranos.Automation.ME.Android, Version=1.0.0.0, Culture=neutral, PublicKeyToken=null" name="ACC_InvalidPasswordCondition" />
    </UnitTest>
    <UnitTest name="ACC_PasscodeReset" storage="c:\users\balaji.venkat\source\workspaces\theranos.test-automation\references\internal\.me android\theranos.automation.me.android.dll" id="8130bb48-5ce0-f810-0813-10950657ff71">
      <TestMethod codeBase="c:/users/balaji.venkat/source/workspaces/theranos.test-automation/references/internal/.me android/Theranos.Automation.ME.Android.DLL" adapterTypeName="Microsoft.VisualStudio.TestTools.TestTypes.Unit.UnitTestAdapter, Microsoft.VisualStudio.QualityTools.Tips.UnitTest.Adapter, Version=12.0.0.0, Culture=neutral, PublicKeyToken=b03f5f7f11d50a3a" className="Theranos.Automation.ME.Android.TestScenarios.Accountsceanrios, Theranos.Automation.ME.Android, Version=1.0.0.0, Culture=neutral, PublicKeyToken=null" name="ACC_PasscodeReset" />
    </UnitTest>
    <UnitTest name="SignUpInValidPasswordNoUpper" storage="c:\users\balaji.venkat\source\workspaces\theranos.test-automation\references\internal\.me android\theranos.automation.me.android.dll" id="4f75e710-ecba-fcf1-0433-199dc8a286a1">
      <TestMethod codeBase="c:/users/balaji.venkat/source/workspaces/theranos.test-automation/references/internal/.me android/Theranos.Automation.ME.Android.DLL" adapterTypeName="Microsoft.VisualStudio.TestTools.TestTypes.Unit.UnitTestAdapter, Microsoft.VisualStudio.QualityTools.Tips.UnitTest.Adapter, Version=12.0.0.0, Culture=neutral, PublicKeyToken=b03f5f7f11d50a3a" className="Theranos.Automation.ME.Android.TestSuite.AccountCreationSuite, Theranos.Automation.ME.Android, Version=1.0.0.0, Culture=neutral, PublicKeyToken=null" name="SignUpInValidPasswordNoUpper" />
    </UnitTest>
    <UnitTest name="ACC_RemoveEmergencyContact" storage="c:\users\balaji.venkat\source\workspaces\theranos.test-automation\references\internal\.me android\theranos.automation.me.android.dll" id="70de5acc-bc15-c4e2-2565-55efb0a991e9">
      <TestMethod codeBase="c:/users/balaji.venkat/source/workspaces/theranos.test-automation/references/internal/.me android/Theranos.Automation.ME.Android.DLL" adapterTypeName="Microsoft.VisualStudio.TestTools.TestTypes.Unit.UnitTestAdapter, Microsoft.VisualStudio.QualityTools.Tips.UnitTest.Adapter, Version=12.0.0.0, Culture=neutral, PublicKeyToken=b03f5f7f11d50a3a" className="Theranos.Automation.ME.Android.TestScenarios.BasicInfoScenarios, Theranos.Automation.ME.Android, Version=1.0.0.0, Culture=neutral, PublicKeyToken=null" name="ACC_RemoveEmergencyContact" />
    </UnitTest>
    <UnitTest name="AddTestWithCPT" storage="c:\users\balaji.venkat\source\workspaces\theranos.test-automation\references\internal\.me android\theranos.automation.me.android.dll" id="187f7ddc-5d4e-d2a6-8ba4-6fa2fc2fc89b">
      <TestMethod codeBase="c:/users/balaji.venkat/source/workspaces/theranos.test-automation/references/internal/.me android/Theranos.Automation.ME.Android.DLL" adapterTypeName="Microsoft.VisualStudio.TestTools.TestTypes.Unit.UnitTestAdapter, Microsoft.VisualStudio.QualityTools.Tips.UnitTest.Adapter, Version=12.0.0.0, Culture=neutral, PublicKeyToken=b03f5f7f11d50a3a" className="Theranos.Automation.ME.Android.TestSuite.UserInfoSuite, Theranos.Automation.ME.Android, Version=1.0.0.0, Culture=neutral, PublicKeyToken=null" name="AddTestWithCPT" />
    </UnitTest>
    <UnitTest name="Need_ActivateLink" storage="c:\users\balaji.venkat\source\workspaces\theranos.test-automation\references\internal\.me android\theranos.automation.me.android.dll" id="4746ff04-4012-0365-e7aa-6d77b8e103ea">
      <TestMethod codeBase="c:/users/balaji.venkat/source/workspaces/theranos.test-automation/references/internal/.me android/Theranos.Automation.ME.Android.DLL" adapterTypeName="Microsoft.VisualStudio.TestTools.TestTypes.Unit.UnitTestAdapter, Microsoft.VisualStudio.QualityTools.Tips.UnitTest.Adapter, Version=12.0.0.0, Culture=neutral, PublicKeyToken=b03f5f7f11d50a3a" className="Theranos.Automation.ME.Android.TestSuite.NeedHelpSuite, Theranos.Automation.ME.Android, Version=1.0.0.0, Culture=neutral, PublicKeyToken=null" name="Need_ActivateLink" />
    </UnitTest>
    <UnitTest name="SignUpAgeValidation" storage="c:\users\balaji.venkat\source\workspaces\theranos.test-automation\references\internal\.me android\theranos.automation.me.android.dll" id="58ae38a2-2812-5a47-dc5e-927d47aa4939">
      <TestMethod codeBase="c:/users/balaji.venkat/source/workspaces/theranos.test-automation/references/internal/.me android/Theranos.Automation.ME.Android.DLL" adapterTypeName="Microsoft.VisualStudio.TestTools.TestTypes.Unit.UnitTestAdapter, Microsoft.VisualStudio.QualityTools.Tips.UnitTest.Adapter, Version=12.0.0.0, Culture=neutral, PublicKeyToken=b03f5f7f11d50a3a" className="Theranos.Automation.ME.Android.TestSuite.AccountCreationSuite, Theranos.Automation.ME.Android, Version=1.0.0.0, Culture=neutral, PublicKeyToken=null" name="SignUpAgeValidation" />
    </UnitTest>
    <UnitTest name="CheckAddedTestDetails" storage="c:\users\balaji.venkat\source\workspaces\theranos.test-automation\references\internal\.me android\theranos.automation.me.android.dll" id="aaa5c40f-72a6-2358-440a-9f16894f172b">
      <TestMethod codeBase="c:/users/balaji.venkat/source/workspaces/theranos.test-automation/references/internal/.me android/Theranos.Automation.ME.Android.DLL" adapterTypeName="Microsoft.VisualStudio.TestTools.TestTypes.Unit.UnitTestAdapter, Microsoft.VisualStudio.QualityTools.Tips.UnitTest.Adapter, Version=12.0.0.0, Culture=neutral, PublicKeyToken=b03f5f7f11d50a3a" className="Theranos.Automation.ME.Android.TestSuite.UserInfoSuite, Theranos.Automation.ME.Android, Version=1.0.0.0, Culture=neutral, PublicKeyToken=null" name="CheckAddedTestDetails" />
    </UnitTest>
    <UnitTest name="InvaildPass" storage="c:\users\balaji.venkat\source\workspaces\theranos.test-automation\references\internal\.me android\theranos.automation.me.android.dll" id="e2a3957f-5181-d032-924a-62c968d680ff">
      <TestMethod codeBase="c:/users/balaji.venkat/source/workspaces/theranos.test-automation/references/internal/.me android/Theranos.Automation.ME.Android.DLL" adapterTypeName="Microsoft.VisualStudio.TestTools.TestTypes.Unit.UnitTestAdapter, Microsoft.VisualStudio.QualityTools.Tips.UnitTest.Adapter, Version=12.0.0.0, Culture=neutral, PublicKeyToken=b03f5f7f11d50a3a" className="Theranos.Automation.ME.Android.TestSuite.LoginSuite, Theranos.Automation.ME.Android, Version=1.0.0.0, Culture=neutral, PublicKeyToken=null" name="InvaildPass" />
    </UnitTest>
    <UnitTest name="Need_PasswordResetInValidUser" storage="c:\users\balaji.venkat\source\workspaces\theranos.test-automation\references\internal\.me android\theranos.automation.me.android.dll" id="9d1201a3-7793-5b83-88c8-ec84de8653d7">
      <TestMethod codeBase="c:/users/balaji.venkat/source/workspaces/theranos.test-automation/references/internal/.me android/Theranos.Automation.ME.Android.DLL" adapterTypeName="Microsoft.VisualStudio.TestTools.TestTypes.Unit.UnitTestAdapter, Microsoft.VisualStudio.QualityTools.Tips.UnitTest.Adapter, Version=12.0.0.0, Culture=neutral, PublicKeyToken=b03f5f7f11d50a3a" className="Theranos.Automation.ME.Android.TestSuite.NeedHelpSuite, Theranos.Automation.ME.Android, Version=1.0.0.0, Culture=neutral, PublicKeyToken=null" name="Need_PasswordResetInValidUser" />
    </UnitTest>
    <UnitTest name="ACC_RemoveEmergencyValidation" storage="c:\users\balaji.venkat\source\workspaces\theranos.test-automation\references\internal\.me android\theranos.automation.me.android.dll" id="bbaafe45-fde4-0324-bcfd-cfae721056b7">
      <TestMethod codeBase="c:/users/balaji.venkat/source/workspaces/theranos.test-automation/references/internal/.me android/Theranos.Automation.ME.Android.DLL" adapterTypeName="Microsoft.VisualStudio.TestTools.TestTypes.Unit.UnitTestAdapter, Microsoft.VisualStudio.QualityTools.Tips.UnitTest.Adapter, Version=12.0.0.0, Culture=neutral, PublicKeyToken=b03f5f7f11d50a3a" className="Theranos.Automation.ME.Android.TestScenarios.BasicInfoScenarios, Theranos.Automation.ME.Android, Version=1.0.0.0, Culture=neutral, PublicKeyToken=null" name="ACC_RemoveEmergencyValidation" />
    </UnitTest>
    <UnitTest name="TwoCptTest" storage="c:\users\balaji.venkat\source\workspaces\theranos.test-automation\references\internal\.me android\theranos.automation.me.android.dll" id="acb6b506-cb09-7909-9552-d80eaa15bef2">
      <TestMethod codeBase="c:/users/balaji.venkat/source/workspaces/theranos.test-automation/references/internal/.me android/Theranos.Automation.ME.Android.DLL" adapterTypeName="Microsoft.VisualStudio.TestTools.TestTypes.Unit.UnitTestAdapter, Microsoft.VisualStudio.QualityTools.Tips.UnitTest.Adapter, Version=12.0.0.0, Culture=neutral, PublicKeyToken=b03f5f7f11d50a3a" className="Theranos.Automation.ME.Android.TestSuite.UserInfoSuite, Theranos.Automation.ME.Android, Version=1.0.0.0, Culture=neutral, PublicKeyToken=null" name="TwoCptTest" />
    </UnitTest>
    <UnitTest name="SignUpInvalidEmail" storage="c:\users\balaji.venkat\source\workspaces\theranos.test-automation\references\internal\.me android\theranos.automation.me.android.dll" id="889f91a9-ea03-8011-03e8-98e0c21f6c89">
      <TestMethod codeBase="c:/users/balaji.venkat/source/workspaces/theranos.test-automation/references/internal/.me android/Theranos.Automation.ME.Android.DLL" adapterTypeName="Microsoft.VisualStudio.TestTools.TestTypes.Unit.UnitTestAdapter, Microsoft.VisualStudio.QualityTools.Tips.UnitTest.Adapter, Version=12.0.0.0, Culture=neutral, PublicKeyToken=b03f5f7f11d50a3a" className="Theranos.Automation.ME.Android.TestSuite.AccountCreationSuite, Theranos.Automation.ME.Android, Version=1.0.0.0, Culture=neutral, PublicKeyToken=null" name="SignUpInvalidEmail" />
    </UnitTest>
    <UnitTest name="CheckStateIsAdded" storage="c:\users\balaji.venkat\source\workspaces\theranos.test-automation\references\internal\.me android\theranos.automation.me.android.dll" id="b3adeec5-cd82-5121-754d-7a279018361c">
      <TestMethod codeBase="c:/users/balaji.venkat/source/workspaces/theranos.test-automation/references/internal/.me android/Theranos.Automation.ME.Android.DLL" adapterTypeName="Microsoft.VisualStudio.TestTools.TestTypes.Unit.UnitTestAdapter, Microsoft.VisualStudio.QualityTools.Tips.UnitTest.Adapter, Version=12.0.0.0, Culture=neutral, PublicKeyToken=b03f5f7f11d50a3a" className="Theranos.Automation.ME.Android.TestSuite.UserInfoSuite, Theranos.Automation.ME.Android, Version=1.0.0.0, Culture=neutral, PublicKeyToken=null" name="CheckStateIsAdded" />
    </UnitTest>
    <UnitTest name="ACC_EditEmergencyContact" storage="c:\users\balaji.venkat\source\workspaces\theranos.test-automation\references\internal\.me android\theranos.automation.me.android.dll" id="7e7c90fc-969e-96a3-8b58-c71d8b8fad68">
      <TestMethod codeBase="c:/users/balaji.venkat/source/workspaces/theranos.test-automation/references/internal/.me android/Theranos.Automation.ME.Android.DLL" adapterTypeName="Microsoft.VisualStudio.TestTools.TestTypes.Unit.UnitTestAdapter, Microsoft.VisualStudio.QualityTools.Tips.UnitTest.Adapter, Version=12.0.0.0, Culture=neutral, PublicKeyToken=b03f5f7f11d50a3a" className="Theranos.Automation.ME.Android.TestScenarios.BasicInfoScenarios, Theranos.Automation.ME.Android, Version=1.0.0.0, Culture=neutral, PublicKeyToken=null" name="ACC_EditEmergencyContact" />
    </UnitTest>
    <UnitTest name="ACC_AccountUserName" storage="c:\users\balaji.venkat\source\workspaces\theranos.test-automation\references\internal\.me android\theranos.automation.me.android.dll" id="c7136218-6793-7cf8-e600-6f485679c49a">
      <TestMethod codeBase="c:/users/balaji.venkat/source/workspaces/theranos.test-automation/references/internal/.me android/Theranos.Automation.ME.Android.DLL" adapterTypeName="Microsoft.VisualStudio.TestTools.TestTypes.Unit.UnitTestAdapter, Microsoft.VisualStudio.QualityTools.Tips.UnitTest.Adapter, Version=12.0.0.0, Culture=neutral, PublicKeyToken=b03f5f7f11d50a3a" className="Theranos.Automation.ME.Android.TestScenarios.Accountsceanrios, Theranos.Automation.ME.Android, Version=1.0.0.0, Culture=neutral, PublicKeyToken=null" name="ACC_AccountUserName" />
    </UnitTest>
    <UnitTest name="InvaildUser" storage="c:\users\balaji.venkat\source\workspaces\theranos.test-automation\references\internal\.me android\theranos.automation.me.android.dll" id="543ccd34-0e45-5154-976b-b9e93abeb5ea">
      <TestMethod codeBase="c:/users/balaji.venkat/source/workspaces/theranos.test-automation/references/internal/.me android/Theranos.Automation.ME.Android.DLL" adapterTypeName="Microsoft.VisualStudio.TestTools.TestTypes.Unit.UnitTestAdapter, Microsoft.VisualStudio.QualityTools.Tips.UnitTest.Adapter, Version=12.0.0.0, Culture=neutral, PublicKeyToken=b03f5f7f11d50a3a" className="Theranos.Automation.ME.Android.TestSuite.LoginSuite, Theranos.Automation.ME.Android, Version=1.0.0.0, Culture=neutral, PublicKeyToken=null" name="InvaildUser" />
    </UnitTest>
    <UnitTest name="UNACC_AccountUserName" storage="c:\users\balaji.venkat\source\workspaces\theranos.test-automation\references\internal\.me android\theranos.automation.me.android.dll" id="bc516d39-e9f6-596c-5837-4e34f8ebb376">
      <TestMethod codeBase="c:/users/balaji.venkat/source/workspaces/theranos.test-automation/references/internal/.me android/Theranos.Automation.ME.Android.DLL" adapterTypeName="Microsoft.VisualStudio.TestTools.TestTypes.Unit.UnitTestAdapter, Microsoft.VisualStudio.QualityTools.Tips.UnitTest.Adapter, Version=12.0.0.0, Culture=neutral, PublicKeyToken=b03f5f7f11d50a3a" className="Theranos.Automation.ME.Android.TestScenarios.UnLinkAccScenario, Theranos.Automation.ME.Android, Version=1.0.0.0, Culture=neutral, PublicKeyToken=null" name="UNACC_AccountUserName" />
    </UnitTest>
    <UnitTest name="Need_PasswordResetValidUser" storage="c:\users\balaji.venkat\source\workspaces\theranos.test-automation\references\internal\.me android\theranos.automation.me.android.dll" id="9e63a5a4-33c0-6c6b-5601-33334771d4c7">
      <TestMethod codeBase="c:/users/balaji.venkat/source/workspaces/theranos.test-automation/references/internal/.me android/Theranos.Automation.ME.Android.DLL" adapterTypeName="Microsoft.VisualStudio.TestTools.TestTypes.Unit.UnitTestAdapter, Microsoft.VisualStudio.QualityTools.Tips.UnitTest.Adapter, Version=12.0.0.0, Culture=neutral, PublicKeyToken=b03f5f7f11d50a3a" className="Theranos.Automation.ME.Android.TestSuite.NeedHelpSuite, Theranos.Automation.ME.Android, Version=1.0.0.0, Culture=neutral, PublicKeyToken=null" name="Need_PasswordResetValidUser" />
    </UnitTest>
    <UnitTest name="CheckPanelTest" storage="c:\users\balaji.venkat\source\workspaces\theranos.test-automation\references\internal\.me android\theranos.automation.me.android.dll" id="825ce4d4-ac01-03d6-e029-3fcd6fc3e4da">
      <TestMethod codeBase="c:/users/balaji.venkat/source/workspaces/theranos.test-automation/references/internal/.me android/Theranos.Automation.ME.Android.DLL" adapterTypeName="Microsoft.VisualStudio.TestTools.TestTypes.Unit.UnitTestAdapter, Microsoft.VisualStudio.QualityTools.Tips.UnitTest.Adapter, Version=12.0.0.0, Culture=neutral, PublicKeyToken=b03f5f7f11d50a3a" className="Theranos.Automation.ME.Android.TestSuite.UserInfoSuite, Theranos.Automation.ME.Android, Version=1.0.0.0, Culture=neutral, PublicKeyToken=null" name="CheckPanelTest" />
    </UnitTest>
    <UnitTest name="ACC_AddEmergencyContactspage" storage="c:\users\balaji.venkat\source\workspaces\theranos.test-automation\references\internal\.me android\theranos.automation.me.android.dll" id="0a79ba54-8eec-7d34-1e58-946e3eee66bc">
      <TestMethod codeBase="c:/users/balaji.venkat/source/workspaces/theranos.test-automation/references/internal/.me android/Theranos.Automation.ME.Android.DLL" adapterTypeName="Microsoft.VisualStudio.TestTools.TestTypes.Unit.UnitTestAdapter, Microsoft.VisualStudio.QualityTools.Tips.UnitTest.Adapter, Version=12.0.0.0, Culture=neutral, PublicKeyToken=b03f5f7f11d50a3a" className="Theranos.Automation.ME.Android.TestScenarios.BasicInfoScenarios, Theranos.Automation.ME.Android, Version=1.0.0.0, Culture=neutral, PublicKeyToken=null" name="ACC_AddEmergencyContactspage" />
    </UnitTest>
    <UnitTest name="CheckFastingTestDetails" storage="c:\users\balaji.venkat\source\workspaces\theranos.test-automation\references\internal\.me android\theranos.automation.me.android.dll" id="b1f34c68-ea8c-545d-351f-419aeb8c9adf">
      <TestMethod codeBase="c:/users/balaji.venkat/source/workspaces/theranos.test-automation/references/internal/.me android/Theranos.Automation.ME.Android.DLL" adapterTypeName="Microsoft.VisualStudio.TestTools.TestTypes.Unit.UnitTestAdapter, Microsoft.VisualStudio.QualityTools.Tips.UnitTest.Adapter, Version=12.0.0.0, Culture=neutral, PublicKeyToken=b03f5f7f11d50a3a" className="Theranos.Automation.ME.Android.TestSuite.UserInfoSuite, Theranos.Automation.ME.Android, Version=1.0.0.0, Culture=neutral, PublicKeyToken=null" name="CheckFastingTestDetails" />
    </UnitTest>
    <UnitTest name="RemoveOrderFromCart" storage="c:\users\balaji.venkat\source\workspaces\theranos.test-automation\references\internal\.me android\theranos.automation.me.android.dll" id="98b8dc63-8b91-581f-1abc-979b22e03024">
      <TestMethod codeBase="c:/users/balaji.venkat/source/workspaces/theranos.test-automation/references/internal/.me android/Theranos.Automation.ME.Android.DLL" adapterTypeName="Microsoft.VisualStudio.TestTools.TestTypes.Unit.UnitTestAdapter, Microsoft.VisualStudio.QualityTools.Tips.UnitTest.Adapter, Version=12.0.0.0, Culture=neutral, PublicKeyToken=b03f5f7f11d50a3a" className="Theranos.Automation.ME.Android.TestSuite.UserInfoSuite, Theranos.Automation.ME.Android, Version=1.0.0.0, Culture=neutral, PublicKeyToken=null" name="RemoveOrderFromCart" />
    </UnitTest>
    <UnitTest name="ACC_BasicInfoMobile" storage="c:\users\balaji.venkat\source\workspaces\theranos.test-automation\references\internal\.me android\theranos.automation.me.android.dll" id="94956bce-696c-f536-4e02-996b699e2cd8">
      <TestMethod codeBase="c:/users/balaji.venkat/source/workspaces/theranos.test-automation/references/internal/.me android/Theranos.Automation.ME.Android.DLL" adapterTypeName="Microsoft.VisualStudio.TestTools.TestTypes.Unit.UnitTestAdapter, Microsoft.VisualStudio.QualityTools.Tips.UnitTest.Adapter, Version=12.0.0.0, Culture=neutral, PublicKeyToken=b03f5f7f11d50a3a" className="Theranos.Automation.ME.Android.TestScenarios.BasicInfoScenarios, Theranos.Automation.ME.Android, Version=1.0.0.0, Culture=neutral, PublicKeyToken=null" name="ACC_BasicInfoMobile" />
    </UnitTest>
    <UnitTest name="ACC_LinkedAccountBasicInfoPage" storage="c:\users\balaji.venkat\source\workspaces\theranos.test-automation\references\internal\.me android\theranos.automation.me.android.dll" id="e2a12225-a31b-af62-194e-03846916e179">
      <TestMethod codeBase="c:/users/balaji.venkat/source/workspaces/theranos.test-automation/references/internal/.me android/Theranos.Automation.ME.Android.DLL" adapterTypeName="Microsoft.VisualStudio.TestTools.TestTypes.Unit.UnitTestAdapter, Microsoft.VisualStudio.QualityTools.Tips.UnitTest.Adapter, Version=12.0.0.0, Culture=neutral, PublicKeyToken=b03f5f7f11d50a3a" className="Theranos.Automation.ME.Android.TestScenarios.BasicInfoScenarios, Theranos.Automation.ME.Android, Version=1.0.0.0, Culture=neutral, PublicKeyToken=null" name="ACC_LinkedAccountBasicInfoPage" />
    </UnitTest>
    <UnitTest name="ACC_PasswordCondition" storage="c:\users\balaji.venkat\source\workspaces\theranos.test-automation\references\internal\.me android\theranos.automation.me.android.dll" id="2ea676a6-f8a7-548e-5c5a-cf087a590188">
      <TestMethod codeBase="c:/users/balaji.venkat/source/workspaces/theranos.test-automation/references/internal/.me android/Theranos.Automation.ME.Android.DLL" adapterTypeName="Microsoft.VisualStudio.TestTools.TestTypes.Unit.UnitTestAdapter, Microsoft.VisualStudio.QualityTools.Tips.UnitTest.Adapter, Version=12.0.0.0, Culture=neutral, PublicKeyToken=b03f5f7f11d50a3a" className="Theranos.Automation.ME.Android.TestScenarios.Accountsceanrios, Theranos.Automation.ME.Android, Version=1.0.0.0, Culture=neutral, PublicKeyToken=null" name="ACC_PasswordCondition" />
    </UnitTest>
    <UnitTest name="CheckCartEnable" storage="c:\users\balaji.venkat\source\workspaces\theranos.test-automation\references\internal\.me android\theranos.automation.me.android.dll" id="48925ac1-c46a-08d7-9f9c-99c6b480d667">
      <TestMethod codeBase="c:/users/balaji.venkat/source/workspaces/theranos.test-automation/references/internal/.me android/Theranos.Automation.ME.Android.DLL" adapterTypeName="Microsoft.VisualStudio.TestTools.TestTypes.Unit.UnitTestAdapter, Microsoft.VisualStudio.QualityTools.Tips.UnitTest.Adapter, Version=12.0.0.0, Culture=neutral, PublicKeyToken=b03f5f7f11d50a3a" className="Theranos.Automation.ME.Android.TestSuite.UserInfoSuite, Theranos.Automation.ME.Android, Version=1.0.0.0, Culture=neutral, PublicKeyToken=null" name="CheckCartEnable" />
    </UnitTest>
    <UnitTest name="ACC_AccountInvalidEmail" storage="c:\users\balaji.venkat\source\workspaces\theranos.test-automation\references\internal\.me android\theranos.automation.me.android.dll" id="e555a28a-4aa9-bc38-3888-c06cf0ecd50c">
      <TestMethod codeBase="c:/users/balaji.venkat/source/workspaces/theranos.test-automation/references/internal/.me android/Theranos.Automation.ME.Android.DLL" adapterTypeName="Microsoft.VisualStudio.TestTools.TestTypes.Unit.UnitTestAdapter, Microsoft.VisualStudio.QualityTools.Tips.UnitTest.Adapter, Version=12.0.0.0, Culture=neutral, PublicKeyToken=b03f5f7f11d50a3a" className="Theranos.Automation.ME.Android.TestScenarios.Accountsceanrios, Theranos.Automation.ME.Android, Version=1.0.0.0, Culture=neutral, PublicKeyToken=null" name="ACC_AccountInvalidEmail" />
    </UnitTest>
    <UnitTest name="ACC_SelectedInsuranceDisplayed" storage="c:\users\balaji.venkat\source\workspaces\theranos.test-automation\references\internal\.me android\theranos.automation.me.android.dll" id="a203b0cc-6ee1-5edc-b5bb-527c8417a6d3">
      <TestMethod codeBase="c:/users/balaji.venkat/source/workspaces/theranos.test-automation/references/internal/.me android/Theranos.Automation.ME.Android.DLL" adapterTypeName="Microsoft.VisualStudio.TestTools.TestTypes.Unit.UnitTestAdapter, Microsoft.VisualStudio.QualityTools.Tips.UnitTest.Adapter, Version=12.0.0.0, Culture=neutral, PublicKeyToken=b03f5f7f11d50a3a" className="Theranos.Automation.ME.Android.TestScenarios.InsuranceScenarios, Theranos.Automation.ME.Android, Version=1.0.0.0, Culture=neutral, PublicKeyToken=null" name="ACC_SelectedInsuranceDisplayed" />
    </UnitTest>
  </TestDefinitions>
  <TestLists>
    <TestList name="Results Not in a List" id="8c84fa94-04c1-424b-9868-57a2d4851a1d" />
    <TestList name="All Loaded Results" id="19431567-8539-422a-85d7-44ee4e166bda" />
  </TestLists>
  <TestEntries>
    <TestEntry testId="674397a9-5ddb-44e4-9ab9-46a85687b85c" executionId="9184c227-6e75-418e-b280-7ca28828642a" testListId="8c84fa94-04c1-424b-9868-57a2d4851a1d">
      <TestEntries>
        <TestEntry testId="70880c55-0789-9f0f-beac-8fb1e771c12f" executionId="2600a17d-016d-481d-95e9-5d1934cce2a6" parentExecutionId="9184c227-6e75-418e-b280-7ca28828642a" testListId="8c84fa94-04c1-424b-9868-57a2d4851a1d" />
        <TestEntry testId="889f91a9-ea03-8011-03e8-98e0c21f6c89" executionId="6f65d346-1b21-4e5d-9b5d-62127d9173c6" parentExecutionId="9184c227-6e75-418e-b280-7ca28828642a" testListId="8c84fa94-04c1-424b-9868-57a2d4851a1d" />
        <TestEntry testId="158fcc65-7fa0-4eec-8ae9-e02a29d72de2" executionId="b7766fbe-45d5-42a8-85e9-a56668c9c139" parentExecutionId="9184c227-6e75-418e-b280-7ca28828642a" testListId="8c84fa94-04c1-424b-9868-57a2d4851a1d" />
        <TestEntry testId="58ae38a2-2812-5a47-dc5e-927d47aa4939" executionId="7c897515-ffb5-46cd-aa6d-29ce1c70521b" parentExecutionId="9184c227-6e75-418e-b280-7ca28828642a" testListId="8c84fa94-04c1-424b-9868-57a2d4851a1d" />
        <TestEntry testId="4f73a148-a955-8e75-fc71-c876124e4ebd" executionId="217b2e62-bb4e-4491-b6e1-d36a21645506" parentExecutionId="9184c227-6e75-418e-b280-7ca28828642a" testListId="8c84fa94-04c1-424b-9868-57a2d4851a1d" />
        <TestEntry testId="4f75e710-ecba-fcf1-0433-199dc8a286a1" executionId="6af9e080-f315-4de4-bf84-b94704699117" parentExecutionId="9184c227-6e75-418e-b280-7ca28828642a" testListId="8c84fa94-04c1-424b-9868-57a2d4851a1d" />
        <TestEntry testId="7fd4ecc5-2233-b7c3-f51f-f56f6f461ecd" executionId="cef2d946-112e-44ba-ad65-05ccc89f5f22" parentExecutionId="9184c227-6e75-418e-b280-7ca28828642a" testListId="8c84fa94-04c1-424b-9868-57a2d4851a1d" />
        <TestEntry testId="61455770-3368-2c6a-17e1-688edc00b2d0" executionId="fddb975e-ad2a-448e-b86b-212d06da6bc3" parentExecutionId="9184c227-6e75-418e-b280-7ca28828642a" testListId="8c84fa94-04c1-424b-9868-57a2d4851a1d" />
        <TestEntry testId="1e7f0bca-8dd4-ee82-b049-953c400bbd15" executionId="80d6cb41-322b-48ca-b31d-a452957a9c5d" parentExecutionId="9184c227-6e75-418e-b280-7ca28828642a" testListId="8c84fa94-04c1-424b-9868-57a2d4851a1d" />
        <TestEntry testId="b294483f-c217-e473-2d53-4e0fae69125a" executionId="6278dccf-4e61-4f5b-92dc-2febfe54943b" parentExecutionId="9184c227-6e75-418e-b280-7ca28828642a" testListId="8c84fa94-04c1-424b-9868-57a2d4851a1d" />
        <TestEntry testId="e792d3b7-ea23-574e-4a45-55ad581e0fde" executionId="9e68a0d2-c47a-45fb-a13f-0eeccc5b4b6b" parentExecutionId="9184c227-6e75-418e-b280-7ca28828642a" testListId="8c84fa94-04c1-424b-9868-57a2d4851a1d" />
        <TestEntry testId="543ccd34-0e45-5154-976b-b9e93abeb5ea" executionId="864273ef-ff96-486c-b98b-120d1fa2d6da" parentExecutionId="9184c227-6e75-418e-b280-7ca28828642a" testListId="8c84fa94-04c1-424b-9868-57a2d4851a1d" />
        <TestEntry testId="e2a3957f-5181-d032-924a-62c968d680ff" executionId="8d06e4ac-c4e4-44d1-947b-6aba9666f441" parentExecutionId="9184c227-6e75-418e-b280-7ca28828642a" testListId="8c84fa94-04c1-424b-9868-57a2d4851a1d" />
[...]
system executed the script successful 
Trying to click the button :com.theranos.me:id/order_summary_state_selection_text
Click button : com.theranos.me:id/order_summary_state_selection_text successful
waiting for element
system executed the script successful 
Trying to click the button :Arizona
Click button : Arizona successful
waiting for element
system executed the script successful 
Trying to get text on field :com.theranos.me:id/cv_inputbase_inputfield with value = :
get text on field value is : Arizona
waiting for element
system executed the script successful 
Trying to click the button :com.theranos.me:id/order_summary_button
Click button : com.theranos.me:id/order_summary_button successful
waiting for element
system executed the script successful 
Trying to get text on field :Order Created! with value = :
get text on field value is : Order Created!
waiting for element
system executed the script successful 
Trying to click the button :android.widget.ImageButton
Click button : android.widget.ImageButton successful
waiting for element
system executed the script successful 
waiting for element
system executed the script successful 
Trying to click the button :android.widget.ImageButton
Click button : android.widget.ImageButton successful
waiting for element
system executed the script successful 
Trying to click the button :com.theranos.me:id/menu_item_text
Click button : com.theranos.me:id/menu_item_text successful
waiting for element
system executed the script successful 
Trying to click the button :Log Out
Click button : Log Out successful
waiting for element
system executed the script successful 
Trying to get text on field :Need help logging in? with value = :
get text on field value is : Need help logging in?</StdOut>
          </Output>
        </UnitTestResult>
        <UnitTestResult executionId="26252cc1-0f64-446a-a76b-f6980d32ccc7" parentExecutionId="9184c227-6e75-418e-b280-7ca28828642a" testId="0c06edc6-1278-6d5b-2eb6-bc4ff74abcdc" testName="CheckCenterIsDisplayed" computerName="GSR-D076" duration="00:01:57.0231496" startTime="2016-03-17T14:14:53.0913148+05:30" endTime="2016-03-17T14:16:50.1637246+05:30" testType="13cdc9d9-ddb5-4fa4-a97d-d965ccfc6d4b" outcome="Passed" testListId="8c84fa94-04c1-424b-9868-57a2d4851a1d" relativeResultsDirectory="26252cc1-0f64-446a-a76b-f6980d32ccc7">
          <Output>
            <StdOut>Executing Appium Script
waiting for element
system executed the script successful 
Trying to set text on field :com.theranos.me:id/login_username_edit with value = gsrautoh
Set text on field : com.theranos.me:id/login_username_edit successful
Trying to set text on field :com.theranos.me:id/login_password_edit with value = Theranos1
Set text on field : com.theranos.me:id/login_password_edit successful
Trying to click the button :com.theranos.me:id/bottom_button_text
Click button : com.theranos.me:id/bottom_button_text successful
waiting for element
system executed the script successful 
Trying to get text on field :Browse Tests with value = :
get text on field value is : Browse Tests
waiting for element
system executed the script successful 
waiting for element
system executed the script successful 
Trying to click the button :android.widget.ImageButton
Click button : android.widget.ImageButton successful
Trying to click the button :Orders
Click button : Orders successful
waiting for element
system executed the script successful 
waiting for element
system executed the script successful 
Trying to click the button :com.theranos.me:id/lab_orders_new_button
Click button : com.theranos.me:id/lab_orders_new_button successful
waiting for element
system executed the script successful 
Trying to click the button :Order from Test Menu
Click button : Order from Test Menu successful
waiting for element
system executed the script successful 
waiting for element
system executed the script successful 
Trying to click the button :com.theranos.me:id/search
Click button : com.theranos.me:id/search successful
waiting for element
system executed the script successful 
Trying to set text on field :Search by name or code with value = 84460
Set text on field : Search by name or code successful
waiting for element
system executed the script successful 
Trying to click the button :com.theranos.me:id/add
Click button : com.theranos.me:id/add successful
waiting for element
system executed the script successful 
Trying to click the button :android:id/button1
Click button : android:id/button1 successful
waiting for element
system executed the script successful 
Trying to click the button :com.theranos.me:id/test_menu_clipboard
Click button : com.theranos.me:id/test_menu_clipboard successful
waiting for element
system executed the script successful 
waiting for element
system executed the script successful 
Trying to click the button :com.theranos.me:id/order_summary_state_selection_text
Click button : com.theranos.me:id/order_summary_state_selection_text successful
waiting for element
system executed the script successful 
Trying to click the button :Arizona
Click button : Arizona successful
waiting for element
system executed the script successful 
Trying to get text on field :com.theranos.me:id/cv_inputbase_inputfield with value = :
get text on field value is : Arizona
waiting for element
system executed the script successful 
Trying to click the button :com.theranos.me:id/order_summary_button
Click button : com.theranos.me:id/order_summary_button successful
waiting for element
system executed the script successful 
Trying to get text on field :Order Created! with value = :
get text on field value is : Order Created!
waiting for element
system executed the script successful 
Trying to get text on field :com.theranos.me:id/bottom_button_text with value = :
get text on field value is : Find a Center
waiting for element
system executed the script successful 
Trying to click the button :android.widget.ImageButton
Click button : android.widget.ImageButton successful
waiting for element
system executed the script successful 
waiting for element
system executed the script successful 
Trying to click the button :android.widget.ImageButton
Click button : android.widget.ImageButton successful
waiting for element
system executed the script successful 
Trying to click the button :com.theranos.me:id/menu_item_text
Click button : com.theranos.me:id/menu_item_text successful
waiting for element
system executed the script successful 
Trying to click the button :Log Out
Click button : Log Out successful
waiting for element
system executed the script successful 
Trying to get text on field :Need help logging in? with value = :
get text on field value is : Need help logging in?</StdOut>
          </Output>
        </UnitTestResult>
        <UnitTestResult executionId="4d07fa37-b5ed-4c5d-8cf9-d513dbc0b2df" parentExecutionId="9184c227-6e75-418e-b280-7ca28828642a" testId="825ce4d4-ac01-03d6-e029-3fcd6fc3e4da" testName="CheckPanelTest" computerName="GSR-D076" duration="00:02:40.7171957" startTime="2016-03-17T14:16:50.1647248+05:30" endTime="2016-03-17T14:19:30.9178690+05:30" testType="13cdc9d9-ddb5-4fa4-a97d-d965ccfc6d4b" outcome="Passed" testListId="8c84fa94-04c1-424b-9868-57a2d4851a1d" relativeResultsDirectory="4d07fa37-b5ed-4c5d-8cf9-d513dbc0b2df">
          <Output>
            <StdOut>Executing Appium Script
waiting for element
system executed the script successful 
Trying to set text on field :com.theranos.me:id/login_username_edit with value = gsrautoh
Set text on field : com.theranos.me:id/login_username_edit successful
Trying to set text on field :com.theranos.me:id/login_password_edit with value = Theranos1
Set text on field : com.theranos.me:id/login_password_edit successful
Trying to click the button :com.theranos.me:id/bottom_button_text
Click button : com.theranos.me:id/bottom_button_text successful
waiting for element
system executed the script successful 
Trying to get text on field :Browse Tests with value = :
get text on field value is : Browse Tests
waiting for element
system executed the script successful 
waiting for element
system executed the script successful 
Trying to click the button :android.widget.ImageButton
Click button : android.widget.ImageButton successful
Trying to click the button :Orders
Click button : Orders successful
waiting for element
system executed the script successful 
waiting for element
system executed the script successful 
Trying to click the button :com.theranos.me:id/lab_orders_new_button
Click button : com.theranos.me:id/lab_orders_new_button successful
waiting for element
system executed the script successful 
Trying to click the button :Order from Test Menu
Click button : Order from Test Menu successful
waiting for element
system executed the script successful 
waiting for element
system executed the script successful 
Trying to click the button :com.theranos.me:id/search
Click button : com.theranos.me:id/search successful
waiting for element
system executed the script successful 
Trying to set text on field :Search by name or code with value = Basic Metabolic Panel (BMP)
Set text on field : Search by name or code successful
waiting for element
system executed the script successful 
waiting for element
system executed the script successful 
Trying to click the button :com.theranos.me:id/add
Click button : com.theranos.me:id/add successful
waiting for element
system executed the script successful 
Trying to click the button :android:id/button1
Click button : android:id/button1 successful
waiting for element
system executed the script successful 
Trying to click the button :com.theranos.me:id/test_menu_clipboard
Click button : com.theranos.me:id/test_menu_clipboard successful
waiting for element
system executed the script successful 
waiting for element
system executed the script successful 
Trying to click the button :com.theranos.me:id/order_summary_state_selection_text
Click button : com.theranos.me:id/order_summary_state_selection_text successful
waiting for element
system executed the script successful 
Trying to click the button :Arizona
Click button : Arizona successful
waiting for element
system executed the script successful 
Trying to click the button :com.theranos.me:id/order_summary_button
Click button : com.theranos.me:id/order_summary_button successful
waiting for element
system executed the script successful 
Trying to get text on field :Order Created! with value = :
get text on field value is : Order Created!
waiting for element
system executed the script successful 
Trying to click the button :android.widget.ImageButton
Click button : android.widget.ImageButton successful
waiting for element
system executed the script successful 
waiting for element
system executed the script successful 
Trying to click the button :android.widget.ImageButton
Click button : android.widget.ImageButton successful
Trying to click the button :Dashboard
Click button : Dashboard successful
waiting for element
system executed the script successful 
Trying to get text on field :Browse Tests with value = :
get text on field value is : Browse Tests
waiting for element
system executed the script successful 
Trying to get text on field :Browse Tests with value = :
get text on field value is : Browse Tests
Trying to click the button :android.widget.ImageButton
Click button : android.widget.ImageButton successful
waiting for element
system executed the script successful 
Trying to click the button :com.theranos.me:id/menu_item_text
Click button : com.theranos.me:id/menu_item_text successful
waiting for element
system executed the script successful 
Trying to click the button :Log Out
Click button : Log Out successful
waiting for element
system executed the script successful 
Trying to get text on field :Need help logging in? with value = :
get text on field value is : Need help logging in?</StdOut>
          </Output>
        </UnitTestResult>
        <UnitTestResult executionId="f58f66e5-07a9-412f-84c6-f64a20af416a" parentExecutionId="9184c227-6e75-418e-b280-7ca28828642a" testId="0c06edc6-1278-6d5b-2eb6-bc4ff74abcdc" testName="CheckCenterIsDisplayed" computerName="GSR-D076" duration="00:01:51.9854384" startTime="2016-03-17T14:19:30.9178690+05:30" endTime="2016-03-17T14:21:22.9262662+05:30" testType="13cdc9d9-ddb5-4fa4-a97d-d965ccfc6d4b" outcome="Passed" testListId="8c84fa94-04c1-424b-9868-57a2d4851a1d" relativeResultsDirectory="f58f66e5-07a9-412f-84c6-f64a20af416a">
          <Output>
            <StdOut>Executing Appium Script
waiting for element
system executed the script successful 
Trying to set text on field :com.theranos.me:id/login_username_edit with value = gsrautoh
Set text on field : com.theranos.me:id/login_username_edit successful
Trying to set text on field :com.theranos.me:id/login_password_edit with value = Theranos1
Set text on field : com.theranos.me:id/login_password_edit successful
Trying to click the button :com.theranos.me:id/bottom_button_text
Click button : com.theranos.me:id/bottom_button_text successful
waiting for element
system executed the script successful 
Trying to get text on field :Browse Tests with value = :
get text on field value is : Browse Tests
waiting for element
system executed the script successful 
waiting for element
system executed the script successful 
Trying to click the button :android.widget.ImageButton
Click button : android.widget.ImageButton successful
Trying to click the button :Orders
Click button : Orders successful
waiting for element
system executed the script successful 
waiting for element
system executed the script successful 
Trying to click the button :com.theranos.me:id/lab_orders_new_button
Click button : com.theranos.me:id/lab_orders_new_button successful
waiting for element
system executed the script successful 
Trying to click the button :Order from Test Menu
Click button : Order from Test Menu successful
waiting for element
system executed the script successful 
waiting for element
system executed the script successful 
Trying to click the button :com.theranos.me:id/search
Click button : com.theranos.me:id/search successful
waiting for element
system executed the script successful 
Trying to set text on field :Search by name or code with value = 84460
Set text on field : Search by name or code successful
waiting for element
system executed the script successful 
Trying to click the button :com.theranos.me:id/add
Click button : com.theranos.me:id/add successful
waiting for element
system executed the script successful 
Trying to click the button :android:id/button1
Click button : android:id/button1 successful
waiting for element
system executed the script successful 
Trying to click the button :com.theranos.me:id/test_menu_clipboard
Click button : com.theranos.me:id/test_menu_clipboard successful
waiting for element
system executed the script successful 
waiting for element
system executed the script successful 
Trying to click the button :com.theranos.me:id/order_summary_state_selection_text
Click button : com.theranos.me:id/order_summary_state_selection_text successful
waiting for element
system executed the script successful 
Trying to click the button :Arizona
Click button : Arizona successful
waiting for element
system executed the script successful 
Trying to get text on field :com.theranos.me:id/cv_inputbase_inputfield with value = :
get text on field value is : Arizona
waiting for element
system executed the script successful 
Trying to click the button :com.theranos.me:id/order_summary_button
Click button : com.theranos.me:id/order_summary_button successful
waiting for element
system executed the script successful 
Trying to get text on field :Order Created! with value = :
get text on field value is : Order Created!
waiting for element
system executed the script successful 
Trying to get text on field :com.theranos.me:id/bottom_button_text with value = :
get text on field value is : Find a Center
waiting for element
system executed the script successful 
Trying to click the button :android.widget.ImageButton
Click button : android.widget.ImageButton successful
waiting for element
system executed the script successful 
waiting for element
system executed the script successful 
Trying to click the button :android.widget.ImageButton
Click button : android.widget.ImageButton successful
waiting for element
system executed the script successful 
Trying to click the button :com.theranos.me:id/menu_item_text
Click button : com.theranos.me:id/menu_item_text successful
waiting for element
system executed the script successful 
Trying to click the button :Log Out
Click button : Log Out successful
waiting for element
system executed the script successful 
Trying to get text on field :Need help logging in? with value = :
get text on field value is : Need help logging in?</StdOut>
          </Output>
        </UnitTestResult>
        <UnitTestResult executionId="3f07d85b-992d-406c-aff5-28ce3d4999e9" parentExecutionId="9184c227-6e75-418e-b280-7ca28828642a" testId="67f1bfae-78d0-af22-4548-7e4bae53adff" testName="CheckCenterLocations" computerName="GSR-D076" duration="00:01:13.7971651" startTime="2016-03-17T14:21:22.9272664+05:30" endTime="2016-03-17T14:22:36.7570294+05:30" testType="13cdc9d9-ddb5-4fa4-a97d-d965ccfc6d4b" outcome="Passed" testListId="8c84fa94-04c1-424b-9868-57a2d4851a1d" relativeResultsDirectory="3f07d85b-992d-406c-aff5-28ce3d4999e9">
          <Output>
            <StdOut>Executing Appium Script
waiting for element
system executed the script successful 
Trying to set text on field :com.theranos.me:id/login_username_edit with value = gsrautoh
Set text on field : com.theranos.me:id/login_username_edit successful
Trying to set text on field :com.theranos.me:id/login_password_edit with value = Theranos1
Set text on field : com.theranos.me:id/login_password_edit successful
Trying to click the button :com.theranos.me:id/bottom_button_text
Click button : com.theranos.me:id/bottom_button_text successful
waiting for element
system executed the script successful 
Trying to get text on field :Browse Tests with value = :
get text on field value is : Browse Tests
waiting for element
system executed the script successful 
Trying to click the button :com.theranos.me:id/dashboard_centers
Click button : com.theranos.me:id/dashboard_centers successful
waiting for element
system executed the script successful 
Trying to get text on field :com.theranos.me:id/location_name_1 with value = :
get text on field value is : Theranos Wellness Center™
Trying to get text on field :com.theranos.me:id/location_distance with value = :
get text on field value is : 2.6 mi
Trying to get text on field :com.theranos.me:id/location_name_2 with value = :
get text on field value is : Theranos
Trying to get text on field :com.theranos.me:id/location_address with value = :
get text on field value is : 3200 Hillview Ave, Palo Alto
Trying to click the button :android.widget.ImageButton
Click button : android.widget.ImageButton successful
waiting for element
system executed the script successful 
Trying to click the button :com.theranos.me:id/menu_item_text
Click button : com.theranos.me:id/menu_item_text successful
waiting for element
system executed the script successful 
Trying to click the button :Log Out
Click button : Log Out successful
waiting for element
system executed the script successful 
Trying to get text on field :Need help logging in? with value = :
get text on field value is : Need help logging in?</StdOut>
          </Output>
        </UnitTestResult>
      </InnerResults>
    </TestResultAggregation>
  </Results>
</TestRun>